<?xml version="1.0" encoding="utf-8"?>
<CoverageSession xmlns:xsd="http://www.w3.org/2001/XMLSchema" xmlns:xsi="http://www.w3.org/2001/XMLSchema-instance">
  <Summary numSequencePoints="420" visitedSequencePoints="220" numBranchPoints="208" visitedBranchPoints="85" sequenceCoverage="52.38" branchCoverage="40.87" maxCyclomaticComplexity="8" minCyclomaticComplexity="1" visitedClasses="31" numClasses="62" visitedMethods="44" numMethods="88" />
  <Modules>
    <Module skippedDueTo="Filter" hash="D0-A4-D4-93-45-8B-BB-09-03-04-B8-39-7E-0A-FE-93-61-75-BB-8F">
      <ModulePath>C:\Program Files\dotnet\shared\Microsoft.NETCore.App\1.0.1\System.Private.CoreLib.ni.dll</ModulePath>
      <ModuleTime>2016-08-26T19:53:48Z</ModuleTime>
      <ModuleName>System.Private.CoreLib</ModuleName>
      <Classes />
    </Module>
    <Module skippedDueTo="Filter" hash="67-3C-D5-D4-97-14-BF-E2-44-1E-BC-36-67-3A-CE-BF-4A-AF-73-26">
      <ModulePath>C:\Program Files\dotnet\sdk\1.0.0-preview2-003131\dotnet.dll</ModulePath>
      <ModuleTime>2016-08-31T20:45:10Z</ModuleTime>
      <ModuleName>dotnet</ModuleName>
      <Classes />
    </Module>
    <Module skippedDueTo="Filter" hash="C0-0B-47-30-F6-8C-22-2F-ED-1C-72-09-B4-F9-A9-04-FE-54-67-3E">
      <ModulePath>C:\Program Files\dotnet\shared\Microsoft.NETCore.App\1.0.1\System.Runtime.dll</ModulePath>
      <ModuleTime>2016-08-26T19:53:30Z</ModuleTime>
      <ModuleName>System.Runtime</ModuleName>
      <Classes />
    </Module>
    <Module skippedDueTo="Filter" hash="58-CB-A8-F0-EF-6E-BA-91-5C-7C-7A-4C-5B-58-A4-47-48-86-48-54">
      <ModulePath>C:\Program Files\dotnet\shared\Microsoft.NETCore.App\1.0.1\mscorlib.dll</ModulePath>
      <ModuleTime>2016-08-09T23:25:46Z</ModuleTime>
      <ModuleName>mscorlib</ModuleName>
      <Classes />
    </Module>
    <Module skippedDueTo="Filter" hash="09-17-83-3A-6F-8C-16-9C-17-9E-4F-8C-44-E2-3C-24-CA-85-1A-47">
      <ModulePath>C:\Program Files\dotnet\sdk\1.0.0-preview2-003131\Microsoft.DotNet.Cli.Utils.dll</ModulePath>
      <ModuleTime>2016-08-31T20:45:02Z</ModuleTime>
      <ModuleName>Microsoft.DotNet.Cli.Utils</ModuleName>
      <Classes />
    </Module>
    <Module skippedDueTo="Filter" hash="E4-24-68-CE-96-B4-7D-EC-13-BC-83-16-DC-7A-1B-17-2E-6B-CA-0D">
      <ModulePath>C:\Program Files\dotnet\shared\Microsoft.NETCore.App\1.0.1\System.Runtime.Extensions.dll</ModulePath>
      <ModuleTime>2016-08-26T19:53:30Z</ModuleTime>
      <ModuleName>System.Runtime.Extensions</ModuleName>
      <Classes />
    </Module>
    <Module skippedDueTo="Filter" hash="08-37-A8-B7-56-D8-4E-E3-75-19-AE-20-DD-5D-7E-CE-BF-6F-F4-BA">
      <ModulePath>C:\Program Files\dotnet\shared\Microsoft.NETCore.App\1.0.1\System.Runtime.InteropServices.RuntimeInformation.dll</ModulePath>
      <ModuleTime>2016-08-26T19:53:08Z</ModuleTime>
      <ModuleName>System.Runtime.InteropServices.RuntimeInformation</ModuleName>
      <Classes />
    </Module>
    <Module skippedDueTo="Filter" hash="FC-B1-82-15-06-2C-0C-C2-87-74-15-D0-F9-D2-F0-F4-1B-3E-36-36">
      <ModulePath>C:\Program Files\dotnet\shared\Microsoft.NETCore.App\1.0.1\System.Reflection.Extensions.dll</ModulePath>
      <ModuleTime>2016-08-26T19:53:30Z</ModuleTime>
      <ModuleName>System.Reflection.Extensions</ModuleName>
      <Classes />
    </Module>
    <Module skippedDueTo="Filter" hash="63-A7-F6-D4-3B-9C-64-D6-D6-2B-8D-7E-7E-1F-76-4A-F8-AD-F3-CD">
      <ModulePath>C:\Program Files\dotnet\shared\Microsoft.NETCore.App\1.0.1\System.Reflection.dll</ModulePath>
      <ModuleTime>2016-08-26T19:53:30Z</ModuleTime>
      <ModuleName>System.Reflection</ModuleName>
      <Classes />
    </Module>
    <Module skippedDueTo="Filter" hash="2A-3E-E5-EF-A2-F6-46-63-C0-FB-4F-3B-24-A0-51-CD-DA-E3-5A-E2">
      <ModulePath>C:\Program Files\dotnet\sdk\1.0.0-preview2-003131\Microsoft.DotNet.InternalAbstractions.dll</ModulePath>
      <ModuleTime>2016-08-31T20:45:14Z</ModuleTime>
      <ModuleName>Microsoft.DotNet.InternalAbstractions</ModuleName>
      <Classes />
    </Module>
    <Module skippedDueTo="Filter" hash="9A-99-D9-D4-11-D2-96-89-D0-1C-D3-AC-F5-6D-6A-6E-98-9B-BB-33">
      <ModulePath>C:\Program Files\dotnet\shared\Microsoft.NETCore.App\1.0.1\System.Runtime.InteropServices.dll</ModulePath>
      <ModuleTime>2016-08-26T19:53:08Z</ModuleTime>
      <ModuleName>System.Runtime.InteropServices</ModuleName>
      <Classes />
    </Module>
    <Module skippedDueTo="Filter" hash="CE-C5-79-4A-B6-B2-88-E9-BD-31-CD-09-A3-AD-4F-A6-DD-8D-E8-F6">
      <ModulePath>C:\Program Files\dotnet\shared\Microsoft.NETCore.App\1.0.1\System.IO.FileSystem.dll</ModulePath>
      <ModuleTime>2016-08-26T19:53:10Z</ModuleTime>
      <ModuleName>System.IO.FileSystem</ModuleName>
      <Classes />
    </Module>
    <Module skippedDueTo="Filter" hash="B1-19-6F-4C-53-B3-76-17-64-29-F9-37-BA-6F-83-DA-58-6F-B6-B9">
      <ModulePath>C:\Program Files\dotnet\shared\Microsoft.NETCore.App\1.0.1\System.IO.FileSystem.Primitives.dll</ModulePath>
      <ModuleTime>2016-08-26T19:53:30Z</ModuleTime>
      <ModuleName>System.IO.FileSystem.Primitives</ModuleName>
      <Classes />
    </Module>
    <Module skippedDueTo="Filter" hash="84-D9-70-F6-7C-DD-08-04-67-C9-FD-C9-F7-73-18-20-F5-D4-6B-21">
      <ModulePath>C:\Program Files\dotnet\shared\Microsoft.NETCore.App\1.0.1\System.Runtime.Loader.dll</ModulePath>
      <ModuleTime>2016-08-26T19:53:30Z</ModuleTime>
      <ModuleName>System.Runtime.Loader</ModuleName>
      <Classes />
    </Module>
    <Module skippedDueTo="Filter" hash="8E-54-0A-D0-24-CD-6B-32-64-57-9C-3F-C6-52-82-F1-01-92-80-4E">
      <ModulePath>C:\Program Files\dotnet\shared\Microsoft.NETCore.App\1.0.1\System.Text.Encoding.CodePages.dll</ModulePath>
      <ModuleTime>2016-08-26T19:53:02Z</ModuleTime>
      <ModuleName>System.Text.Encoding.CodePages</ModuleName>
      <Classes />
    </Module>
    <Module skippedDueTo="Filter" hash="1D-66-FA-DE-32-DB-6B-83-8C-03-3F-E3-92-AA-DF-91-67-A6-74-77">
      <ModulePath>C:\Program Files\dotnet\shared\Microsoft.NETCore.App\1.0.1\System.Text.Encoding.dll</ModulePath>
      <ModuleTime>2016-08-26T19:53:02Z</ModuleTime>
      <ModuleName>System.Text.Encoding</ModuleName>
      <Classes />
    </Module>
    <Module skippedDueTo="Filter" hash="8B-F8-CA-46-47-F7-F8-FC-B2-02-2C-B9-9C-04-F2-97-A4-C8-E8-4B">
      <ModulePath>C:\Program Files\dotnet\shared\Microsoft.NETCore.App\1.0.1\System.Collections.dll</ModulePath>
      <ModuleTime>2016-08-26T19:53:02Z</ModuleTime>
      <ModuleName>System.Collections</ModuleName>
      <Classes />
    </Module>
    <Module skippedDueTo="Filter" hash="1D-AC-DB-E8-D9-E7-17-83-EC-8B-C2-98-10-EE-6F-EA-80-45-48-DD">
      <ModulePath>C:\Program Files\dotnet\shared\Microsoft.NETCore.App\1.0.1\System.Threading.dll</ModulePath>
      <ModuleTime>2016-08-26T19:53:08Z</ModuleTime>
      <ModuleName>System.Threading</ModuleName>
      <Classes />
    </Module>
    <Module skippedDueTo="Filter" hash="C8-71-6E-F2-58-96-B6-33-3F-F6-50-7B-7B-9F-14-E9-03-42-A2-62">
      <ModulePath>C:\Program Files\dotnet\shared\Microsoft.NETCore.App\1.0.1\System.Collections.Concurrent.dll</ModulePath>
      <ModuleTime>2016-08-26T19:53:30Z</ModuleTime>
      <ModuleName>System.Collections.Concurrent</ModuleName>
      <Classes />
    </Module>
    <Module skippedDueTo="Filter" hash="62-5E-E8-13-57-67-E5-D8-E1-A1-FC-B1-B1-CF-9B-1F-03-B3-39-DE">
      <ModulePath>C:\Program Files\dotnet\shared\Microsoft.NETCore.App\1.0.1\System.Threading.Thread.dll</ModulePath>
      <ModuleTime>2016-08-26T19:53:30Z</ModuleTime>
      <ModuleName>System.Threading.Thread</ModuleName>
      <Classes />
    </Module>
    <Module skippedDueTo="Filter" hash="5C-26-45-EB-F0-85-FD-8B-3C-F3-0A-AD-E9-BF-23-EE-BE-F1-7A-E4">
      <ModulePath>C:\Program Files\dotnet\shared\Microsoft.NETCore.App\1.0.1\System.Linq.dll</ModulePath>
      <ModuleTime>2016-08-26T19:53:10Z</ModuleTime>
      <ModuleName>System.Linq</ModuleName>
      <Classes />
    </Module>
    <Module skippedDueTo="Filter" hash="35-B7-5E-78-A5-23-13-0C-69-BD-1C-61-5F-14-84-40-08-79-01-9C">
      <ModulePath>C:\Program Files\dotnet\shared\Microsoft.NETCore.App\1.0.1\System.Diagnostics.Process.dll</ModulePath>
      <ModuleTime>2016-08-26T19:53:30Z</ModuleTime>
      <ModuleName>System.Diagnostics.Process</ModuleName>
      <Classes />
    </Module>
    <Module skippedDueTo="Filter" hash="AD-76-16-A3-5C-18-2C-DD-72-ED-89-3E-5C-CE-1B-50-7C-33-CC-61">
      <ModulePath>C:\Program Files\dotnet\sdk\1.0.0-preview2-003131\Microsoft.DotNet.Configurer.dll</ModulePath>
      <ModuleTime>2016-08-31T20:45:16Z</ModuleTime>
      <ModuleName>Microsoft.DotNet.Configurer</ModuleName>
      <Classes />
    </Module>
    <Module skippedDueTo="Filter" hash="80-13-43-83-54-B1-1B-9E-36-65-88-FA-5A-D0-75-CB-8D-24-72-B6">
      <ModulePath>C:\Program Files\dotnet\sdk\1.0.0-preview2-003131\Microsoft.DotNet.ProjectModel.dll</ModulePath>
      <ModuleTime>2016-08-31T20:45:10Z</ModuleTime>
      <ModuleName>Microsoft.DotNet.ProjectModel</ModuleName>
      <Classes />
    </Module>
    <Module skippedDueTo="Filter" hash="75-11-1F-FA-49-48-37-C6-14-65-7F-A4-25-26-61-70-65-55-1D-AD">
      <ModulePath>C:\Program Files\dotnet\shared\Microsoft.NETCore.App\1.0.1\System.IO.dll</ModulePath>
      <ModuleTime>2016-08-26T19:53:30Z</ModuleTime>
      <ModuleName>System.IO</ModuleName>
      <Classes />
    </Module>
    <Module skippedDueTo="Filter" hash="07-C9-0A-B4-FC-51-56-BF-DC-18-8A-6A-DE-03-D4-20-2D-FE-C1-93">
      <ModulePath>C:\Program Files\dotnet\shared\Microsoft.NETCore.App\1.0.1\System.Threading.Tasks.dll</ModulePath>
      <ModuleTime>2016-08-26T19:53:10Z</ModuleTime>
      <ModuleName>System.Threading.Tasks</ModuleName>
      <Classes />
    </Module>
    <Module skippedDueTo="Filter" hash="8B-8C-36-C1-92-C2-BF-2F-9A-00-B6-FC-ED-BB-64-31-8F-AA-22-5C">
      <ModulePath>C:\Program Files\dotnet\shared\Microsoft.NETCore.App\1.0.1\System.Runtime.Handles.dll</ModulePath>
      <ModuleTime>2016-08-26T19:53:08Z</ModuleTime>
      <ModuleName>System.Runtime.Handles</ModuleName>
      <Classes />
    </Module>
    <Module skippedDueTo="Filter" hash="F3-49-16-3C-8B-E9-47-DA-3E-3D-AF-10-15-2F-84-BC-E8-DC-9E-87">
      <ModulePath>C:\Program Files\dotnet\sdk\1.0.0-preview2-003131\NuGet.Frameworks.dll</ModulePath>
      <ModuleTime>2016-08-31T20:45:16Z</ModuleTime>
      <ModuleName>NuGet.Frameworks</ModuleName>
      <Classes />
    </Module>
    <Module skippedDueTo="Filter" hash="5E-87-81-F5-15-7C-EB-6F-DC-0F-02-24-30-57-05-B6-E1-13-12-1B">
      <ModulePath>C:\Program Files\dotnet\sdk\1.0.0-preview2-003131\runtimes\win\lib\netstandard1.3\System.Diagnostics.TraceSource.dll</ModulePath>
      <ModuleTime>2016-06-11T21:13:38Z</ModuleTime>
      <ModuleName>System.Diagnostics.TraceSource</ModuleName>
      <Classes />
    </Module>
    <Module skippedDueTo="Filter" hash="C9-9E-14-64-67-7F-26-30-34-16-D8-FD-AE-28-F3-4B-50-5D-90-C5">
      <ModulePath>C:\Program Files\dotnet\sdk\1.0.0-preview2-003131\Microsoft.ApplicationInsights.dll</ModulePath>
      <ModuleTime>2016-08-31T20:45:20Z</ModuleTime>
      <ModuleName>Microsoft.ApplicationInsights</ModuleName>
      <Classes />
    </Module>
    <Module skippedDueTo="Filter" hash="F9-57-F0-3D-92-7C-A0-13-A1-EA-AD-6B-8D-40-7E-DD-1D-B2-EE-0C">
      <ModulePath>C:\Program Files\dotnet\sdk\1.0.0-preview2-003131\NuGet.Versioning.dll</ModulePath>
      <ModuleTime>2016-08-31T20:45:16Z</ModuleTime>
      <ModuleName>NuGet.Versioning</ModuleName>
      <Classes />
    </Module>
    <Module skippedDueTo="Filter" hash="4F-E1-46-2F-E1-05-0F-67-25-78-6A-87-2C-04-7D-D4-83-3B-2A-5A">
      <ModulePath>C:\Program Files\dotnet\shared\Microsoft.NETCore.App\1.0.1\System.Xml.XDocument.dll</ModulePath>
      <ModuleTime>2016-08-26T19:53:08Z</ModuleTime>
      <ModuleName>System.Xml.XDocument</ModuleName>
      <Classes />
    </Module>
    <Module skippedDueTo="Filter" hash="77-8B-54-16-F2-88-D0-D3-5B-A1-52-F8-D3-1C-23-F5-BB-96-6D-6C">
      <ModulePath>C:\Program Files\dotnet\sdk\1.0.0-preview2-003131\Newtonsoft.Json.dll</ModulePath>
      <ModuleTime>2016-08-31T20:40:22Z</ModuleTime>
      <ModuleName>Newtonsoft.Json</ModuleName>
      <Classes />
    </Module>
    <Module skippedDueTo="Filter" hash="59-AB-D4-25-6D-18-81-4D-B9-7F-DA-81-6C-A0-16-E5-F9-E3-F0-36">
      <ModulePath>C:\Program Files\dotnet\shared\Microsoft.NETCore.App\1.0.1\System.Diagnostics.Tracing.dll</ModulePath>
      <ModuleTime>2016-08-26T19:53:08Z</ModuleTime>
      <ModuleName>System.Diagnostics.Tracing</ModuleName>
      <Classes />
    </Module>
    <Module skippedDueTo="Filter" hash="50-EC-32-EC-53-BD-71-7F-2B-B5-04-27-24-C4-9B-BD-6A-88-BF-5E">
      <ModulePath>C:\Program Files\dotnet\shared\Microsoft.NETCore.App\1.0.1\System.Dynamic.Runtime.dll</ModulePath>
      <ModuleTime>2016-08-26T19:53:30Z</ModuleTime>
      <ModuleName>System.Dynamic.Runtime</ModuleName>
      <Classes />
    </Module>
    <Module skippedDueTo="Filter" hash="DC-E0-B6-05-97-63-6D-FE-C9-47-FA-5C-74-29-46-58-5C-67-4A-FB">
      <ModulePath>C:\Program Files\dotnet\shared\Microsoft.NETCore.App\1.0.1\System.Linq.Expressions.dll</ModulePath>
      <ModuleTime>2016-08-26T19:52:54Z</ModuleTime>
      <ModuleName>System.Linq.Expressions</ModuleName>
      <Classes />
    </Module>
    <Module skippedDueTo="Filter" hash="E7-30-19-87-96-79-E9-60-39-68-60-5C-F1-28-10-DF-70-1B-0D-DA">
      <ModulePath>C:\Program Files\dotnet\shared\Microsoft.NETCore.App\1.0.1\System.Private.Uri.dll</ModulePath>
      <ModuleTime>2016-08-26T19:53:30Z</ModuleTime>
      <ModuleName>System.Private.Uri</ModuleName>
      <Classes />
    </Module>
    <Module skippedDueTo="Filter" hash="2D-16-E6-CC-26-04-02-E9-E5-3A-D2-E5-96-AF-C5-3E-14-42-C6-A3">
      <ModulePath>C:\Program Files\dotnet\shared\Microsoft.NETCore.App\1.0.1\System.ObjectModel.dll</ModulePath>
      <ModuleTime>2016-08-26T19:53:30Z</ModuleTime>
      <ModuleName>System.ObjectModel</ModuleName>
      <Classes />
    </Module>
    <Module skippedDueTo="Filter" hash="61-7B-0A-E5-94-FA-50-F8-00-10-6E-27-7B-B8-78-63-A8-CA-FD-E4">
      <ModulePath>C:\Program Files\dotnet\shared\Microsoft.NETCore.App\1.0.1\System.Globalization.dll</ModulePath>
      <ModuleTime>2016-08-26T19:53:08Z</ModuleTime>
      <ModuleName>System.Globalization</ModuleName>
      <Classes />
    </Module>
    <Module skippedDueTo="Filter" hash="03-CC-1B-AE-DF-7F-92-7C-29-A8-A8-17-19-F2-74-FB-D4-91-15-F2">
      <ModulePath>C:\Program Files\dotnet\shared\Microsoft.NETCore.App\1.0.1\System.Diagnostics.Tools.dll</ModulePath>
      <ModuleTime>2016-08-26T19:53:30Z</ModuleTime>
      <ModuleName>System.Diagnostics.Tools</ModuleName>
      <Classes />
    </Module>
    <Module skippedDueTo="Filter" hash="82-F7-D8-78-AF-9B-88-9F-77-90-33-30-1C-92-F5-23-38-DF-CC-7C">
      <ModulePath>C:\Program Files\dotnet\shared\Microsoft.NETCore.App\1.0.1\System.Diagnostics.Debug.dll</ModulePath>
      <ModuleTime>2016-08-26T19:53:30Z</ModuleTime>
      <ModuleName>System.Diagnostics.Debug</ModuleName>
      <Classes />
    </Module>
    <Module skippedDueTo="Filter" hash="01-AA-EB-9E-1E-20-53-33-17-6D-81-29-48-7A-4E-0B-AD-E0-AD-D4">
      <ModulePath>C:\Program Files\dotnet\shared\Microsoft.NETCore.App\1.0.1\System.IO.Compression.dll</ModulePath>
      <ModuleTime>2016-08-26T19:53:30Z</ModuleTime>
      <ModuleName>System.IO.Compression</ModuleName>
      <Classes />
    </Module>
    <Module skippedDueTo="Filter" hash="CD-70-90-F7-1A-93-14-B7-6D-43-71-F9-55-2B-96-29-76-7F-0C-2B">
      <ModulePath>C:\Program Files\dotnet\shared\Microsoft.NETCore.App\1.0.1\System.Text.Encoding.Extensions.dll</ModulePath>
      <ModuleTime>2016-08-26T19:53:30Z</ModuleTime>
      <ModuleName>System.Text.Encoding.Extensions</ModuleName>
      <Classes />
    </Module>
    <Module skippedDueTo="Filter" hash="CE-1D-26-19-D8-59-AA-47-1F-F5-EB-2E-40-1B-2D-7D-74-0D-C0-9C">
      <ModulePath>C:\Program Files\dotnet\shared\Microsoft.NETCore.App\1.0.1\System.Text.RegularExpressions.dll</ModulePath>
      <ModuleTime>2016-08-26T19:52:52Z</ModuleTime>
      <ModuleName>System.Text.RegularExpressions</ModuleName>
      <Classes />
    </Module>
    <Module skippedDueTo="Filter" hash="5C-E7-D9-85-49-BC-BE-0A-D9-B2-2E-31-56-AA-71-5B-08-E9-05-66">
      <ModulePath>C:\Program Files\dotnet\sdk\1.0.0-preview2-003131\NuGet.Packaging.Core.Types.dll</ModulePath>
      <ModuleTime>2016-08-31T20:45:00Z</ModuleTime>
      <ModuleName>NuGet.Packaging.Core.Types</ModuleName>
      <Classes />
    </Module>
    <Module skippedDueTo="Filter" hash="BB-44-7C-5E-8B-D1-2F-06-7A-76-92-D2-2C-97-50-43-6F-4E-CD-58">
      <ModulePath>C:\Program Files\dotnet\sdk\1.0.0-preview2-003131\Microsoft.Extensions.DependencyModel.dll</ModulePath>
      <ModuleTime>2016-08-31T20:45:06Z</ModuleTime>
      <ModuleName>Microsoft.Extensions.DependencyModel</ModuleName>
      <Classes />
    </Module>
    <Module skippedDueTo="Filter" hash="AC-AA-A0-9D-39-08-7D-BE-6D-0F-53-FC-72-B2-A1-DC-47-CA-C1-7D">
      <ModulePath>C:\Program Files\dotnet\sdk\1.0.0-preview2-003131\NuGet.Packaging.dll</ModulePath>
      <ModuleTime>2016-08-31T20:45:04Z</ModuleTime>
      <ModuleName>NuGet.Packaging</ModuleName>
      <Classes />
    </Module>
    <Module skippedDueTo="Filter" hash="52-F5-24-C3-A6-A1-98-77-16-73-73-E9-F2-F4-86-71-8B-48-F2-2B">
      <ModulePath>C:\Program Files\dotnet\shared\Microsoft.NETCore.App\1.0.1\System.Net.Http.dll</ModulePath>
      <ModuleTime>2016-08-26T19:53:30Z</ModuleTime>
      <ModuleName>System.Net.Http</ModuleName>
      <Classes />
    </Module>
    <Module skippedDueTo="Filter" hash="A2-54-8E-53-C2-0A-A8-AC-AA-40-D1-9D-02-D4-A0-29-FB-47-E5-DC">
      <ModulePath>C:\Program Files\dotnet\shared\Microsoft.NETCore.App\1.0.1\System.Reflection.Metadata.dll</ModulePath>
      <ModuleTime>2016-08-26T19:53:04Z</ModuleTime>
      <ModuleName>System.Reflection.Metadata</ModuleName>
      <Classes />
    </Module>
    <Module skippedDueTo="Filter" hash="82-16-38-71-6E-30-61-F4-E5-BB-3E-19-C6-9F-1F-7C-59-8E-6C-17">
      <ModulePath>C:\Program Files\dotnet\shared\Microsoft.NETCore.App\1.0.1\System.Net.Primitives.dll</ModulePath>
      <ModuleTime>2016-08-26T19:53:02Z</ModuleTime>
      <ModuleName>System.Net.Primitives</ModuleName>
      <Classes />
    </Module>
    <Module skippedDueTo="Filter" hash="AE-CD-1B-19-F2-50-EC-DF-BC-2E-23-60-87-50-C0-09-96-26-AC-72">
      <ModulePath>C:\Program Files\dotnet\shared\Microsoft.NETCore.App\1.0.1\System.Diagnostics.DiagnosticSource.dll</ModulePath>
      <ModuleTime>2016-08-26T19:53:30Z</ModuleTime>
      <ModuleName>System.Diagnostics.DiagnosticSource</ModuleName>
      <Classes />
    </Module>
    <Module skippedDueTo="Filter" hash="A3-34-16-3F-05-2F-5A-16-D4-4A-98-9C-8B-ED-1C-E9-B0-D5-64-78">
      <ModulePath>C:\Program Files\dotnet\shared\Microsoft.NETCore.App\1.0.1\System.Security.Cryptography.X509Certificates.dll</ModulePath>
      <ModuleTime>2016-08-26T19:53:30Z</ModuleTime>
      <ModuleName>System.Security.Cryptography.X509Certificates</ModuleName>
      <Classes />
    </Module>
    <Module skippedDueTo="Filter" hash="E5-E8-27-B8-D0-26-50-90-41-10-BC-4D-5A-2D-13-69-E1-A5-1C-A9">
      <ModulePath>C:\Program Files\dotnet\shared\Microsoft.NETCore.App\1.0.1\System.IO.MemoryMappedFiles.dll</ModulePath>
      <ModuleTime>2016-08-26T19:53:08Z</ModuleTime>
      <ModuleName>System.IO.MemoryMappedFiles</ModuleName>
      <Classes />
    </Module>
    <Module skippedDueTo="Filter" hash="DA-9A-04-94-65-2E-04-3C-97-53-30-8B-4F-8B-A1-60-90-61-5F-80">
      <ModulePath>C:\Program Files\dotnet\shared\Microsoft.NETCore.App\1.0.1\System.IO.UnmanagedMemoryStream.dll</ModulePath>
      <ModuleTime>2016-08-26T19:53:10Z</ModuleTime>
      <ModuleName>System.IO.UnmanagedMemoryStream</ModuleName>
      <Classes />
    </Module>
    <Module skippedDueTo="Filter" hash="7E-17-56-E6-55-BA-A0-0D-CE-74-88-A2-D5-96-5B-4C-93-53-02-85">
      <ModulePath>C:\Program Files\dotnet\shared\Microsoft.NETCore.App\1.0.1\System.Collections.Immutable.dll</ModulePath>
      <ModuleTime>2016-08-26T19:53:30Z</ModuleTime>
      <ModuleName>System.Collections.Immutable</ModuleName>
      <Classes />
    </Module>
    <Module skippedDueTo="Filter" hash="C0-50-96-DB-1A-AE-5D-2F-14-17-B4-52-97-61-74-A2-16-74-4B-78">
      <ModulePath>C:\Program Files\dotnet\shared\Microsoft.NETCore.App\1.0.1\System.Xml.ReaderWriter.dll</ModulePath>
      <ModuleTime>2016-08-26T19:53:06Z</ModuleTime>
      <ModuleName>System.Xml.ReaderWriter</ModuleName>
      <Classes />
    </Module>
    <Module skippedDueTo="Filter" hash="E7-D9-0B-31-6E-EC-1C-F4-85-D2-DB-5C-A9-16-09-BF-1E-42-C5-A1">
      <ModulePath>C:\Program Files\dotnet\sdk\1.0.0-preview2-003131\Microsoft.DotNet.Compiler.Common.dll</ModulePath>
      <ModuleTime>2016-08-31T20:45:16Z</ModuleTime>
      <ModuleName>Microsoft.DotNet.Compiler.Common</ModuleName>
      <Classes />
    </Module>
    <Module skippedDueTo="Filter" hash="6A-B3-5F-F7-C6-0A-7A-1C-55-8E-8E-D5-E8-38-4B-88-AD-16-34-73">
      <ModulePath>C:\Program Files\dotnet\shared\Microsoft.NETCore.App\1.0.1\System.Reflection.TypeExtensions.dll</ModulePath>
      <ModuleTime>2016-08-26T19:53:30Z</ModuleTime>
      <ModuleName>System.Reflection.TypeExtensions</ModuleName>
      <Classes />
    </Module>
    <Module skippedDueTo="Filter" hash="FD-AA-42-6B-58-41-67-E9-8D-CC-C7-5F-83-06-16-F9-6D-5D-08-5A">
      <ModulePath>C:\Program Files\dotnet\shared\Microsoft.NETCore.App\1.0.1\System.Console.dll</ModulePath>
      <ModuleTime>2016-08-26T19:53:10Z</ModuleTime>
      <ModuleName>System.Console</ModuleName>
      <Classes />
    </Module>
    <Module skippedDueTo="Filter" hash="C4-4A-5B-3B-83-D8-7C-54-34-C7-F4-5E-27-E0-A1-3B-CC-62-16-8A">
      <ModulePath>C:\Program Files\dotnet\sdk\1.0.0-preview2-003131\System.Runtime.Serialization.Primitives.dll</ModulePath>
      <ModuleTime>2016-08-31T20:45:04Z</ModuleTime>
      <ModuleName>System.Runtime.Serialization.Primitives</ModuleName>
      <Classes />
    </Module>
    <Module skippedDueTo="Filter" hash="A4-AD-3E-AA-80-FD-0E-DF-15-28-02-1D-53-44-2D-B2-05-E6-8D-EC">
      <ModulePath>C:\Program Files\dotnet\shared\Microsoft.NETCore.App\1.0.1\System.Reflection.Emit.ILGeneration.dll</ModulePath>
      <ModuleTime>2016-08-26T19:53:30Z</ModuleTime>
      <ModuleName>System.Reflection.Emit.ILGeneration</ModuleName>
      <Classes />
    </Module>
    <Module skippedDueTo="Filter" hash="03-81-40-A2-9C-12-52-8C-EC-BC-CA-20-69-55-17-00-F1-4E-1A-E5">
      <ModulePath>C:\Program Files\dotnet\shared\Microsoft.NETCore.App\1.0.1\System.Reflection.Primitives.dll</ModulePath>
      <ModuleTime>2016-08-26T19:53:30Z</ModuleTime>
      <ModuleName>System.Reflection.Primitives</ModuleName>
      <Classes />
    </Module>
    <Module skippedDueTo="Filter" hash="E7-A5-4C-04-19-12-71-51-33-C5-9A-E2-F1-0E-1E-FD-8F-23-74-A6">
      <ModulePath>C:\Program Files\dotnet\shared\Microsoft.NETCore.App\1.0.1\System.Reflection.Emit.Lightweight.dll</ModulePath>
      <ModuleTime>2016-08-26T19:53:10Z</ModuleTime>
      <ModuleName>System.Reflection.Emit.Lightweight</ModuleName>
      <Classes />
    </Module>
    <Module skippedDueTo="Filter" hash="">
      <ModulePath>RefEmit_InMemoryManifestModule</ModulePath>
      <ModuleTime>0001-01-01T00:00:00</ModuleTime>
      <ModuleName>Anonymously Hosted DynamicMethods Assembly</ModuleName>
      <Classes />
    </Module>
    <Module skippedDueTo="Filter" hash="F0-0C-19-B6-D6-78-03-BA-8E-D7-D7-1F-A5-27-66-77-E0-58-DB-8F">
      <ModulePath>C:\Program Files\dotnet\shared\Microsoft.NETCore.App\1.0.1\System.Threading.ThreadPool.dll</ModulePath>
      <ModuleTime>2016-08-26T19:53:30Z</ModuleTime>
      <ModuleName>System.Threading.ThreadPool</ModuleName>
      <Classes />
    </Module>
    <Module skippedDueTo="Filter" hash="D0-A4-D4-93-45-8B-BB-09-03-04-B8-39-7E-0A-FE-93-61-75-BB-8F">
      <ModulePath>C:\Program Files\dotnet\shared\Microsoft.NETCore.App\1.0.1\System.Private.CoreLib.ni.dll</ModulePath>
      <ModuleTime>2016-08-26T19:53:48Z</ModuleTime>
      <ModuleName>System.Private.CoreLib</ModuleName>
      <Classes />
    </Module>
    <Module skippedDueTo="Filter" hash="B6-1C-A2-3C-35-E0-C3-0D-41-97-34-89-67-64-E9-B0-CC-19-D4-D1">
      <ModulePath>C:\Users\Flo\.nuget\packages\dotnet-test-xunit\2.2.0-preview2-build1029\lib\netcoreapp1.0\dotnet-test-xunit.dll</ModulePath>
      <ModuleTime>2016-06-27T09:17:06Z</ModuleTime>
      <ModuleName>dotnet-test-xunit</ModuleName>
      <Classes />
    </Module>
    <Module skippedDueTo="Filter" hash="C0-0B-47-30-F6-8C-22-2F-ED-1C-72-09-B4-F9-A9-04-FE-54-67-3E">
      <ModulePath>C:\Program Files\dotnet\shared\Microsoft.NETCore.App\1.0.1\System.Runtime.dll</ModulePath>
      <ModuleTime>2016-08-26T19:53:30Z</ModuleTime>
      <ModuleName>System.Runtime</ModuleName>
      <Classes />
    </Module>
    <Module skippedDueTo="Filter" hash="58-CB-A8-F0-EF-6E-BA-91-5C-7C-7A-4C-5B-58-A4-47-48-86-48-54">
      <ModulePath>C:\Program Files\dotnet\shared\Microsoft.NETCore.App\1.0.1\mscorlib.dll</ModulePath>
      <ModuleTime>2016-08-09T23:25:46Z</ModuleTime>
      <ModuleName>mscorlib</ModuleName>
      <Classes />
    </Module>
    <Module skippedDueTo="Filter" hash="C8-71-6E-F2-58-96-B6-33-3F-F6-50-7B-7B-9F-14-E9-03-42-A2-62">
      <ModulePath>C:\Program Files\dotnet\shared\Microsoft.NETCore.App\1.0.1\System.Collections.Concurrent.dll</ModulePath>
      <ModuleTime>2016-08-26T19:53:30Z</ModuleTime>
      <ModuleName>System.Collections.Concurrent</ModuleName>
      <Classes />
    </Module>
    <Module skippedDueTo="Filter" hash="0D-B4-16-CD-80-CA-3A-20-C6-4B-7F-5F-5E-5A-C3-B6-18-CA-C7-72">
      <ModulePath>C:\Users\Flo\.nuget\packages\xunit.runner.utility\2.2.0-beta2-build3300\lib\netstandard1.1\xunit.runner.utility.dotnet.dll</ModulePath>
      <ModuleTime>2016-06-27T07:43:52Z</ModuleTime>
      <ModuleName>xunit.runner.utility.dotnet</ModuleName>
      <Classes />
    </Module>
    <Module skippedDueTo="Filter" hash="E4-24-68-CE-96-B4-7D-EC-13-BC-83-16-DC-7A-1B-17-2E-6B-CA-0D">
      <ModulePath>C:\Program Files\dotnet\shared\Microsoft.NETCore.App\1.0.1\System.Runtime.Extensions.dll</ModulePath>
      <ModuleTime>2016-08-26T19:53:30Z</ModuleTime>
      <ModuleName>System.Runtime.Extensions</ModuleName>
      <Classes />
    </Module>
    <Module skippedDueTo="Filter" hash="8B-F8-CA-46-47-F7-F8-FC-B2-02-2C-B9-9C-04-F2-97-A4-C8-E8-4B">
      <ModulePath>C:\Program Files\dotnet\shared\Microsoft.NETCore.App\1.0.1\System.Collections.dll</ModulePath>
      <ModuleTime>2016-08-26T19:53:02Z</ModuleTime>
      <ModuleName>System.Collections</ModuleName>
      <Classes />
    </Module>
    <Module skippedDueTo="Filter" hash="5C-26-45-EB-F0-85-FD-8B-3C-F3-0A-AD-E9-BF-23-EE-BE-F1-7A-E4">
      <ModulePath>C:\Program Files\dotnet\shared\Microsoft.NETCore.App\1.0.1\System.Linq.dll</ModulePath>
      <ModuleTime>2016-08-26T19:53:10Z</ModuleTime>
      <ModuleName>System.Linq</ModuleName>
      <Classes />
    </Module>
    <Module skippedDueTo="Filter" hash="0D-93-02-F5-BA-A6-97-B2-1E-7D-A1-81-8A-4F-5F-B9-97-BB-A9-BC">
      <ModulePath>C:\Users\Flo\.nuget\packages\xunit.abstractions\2.0.1\lib\netstandard1.0\xunit.abstractions.dll</ModulePath>
      <ModuleTime>2016-08-09T06:37:58Z</ModuleTime>
      <ModuleName>xunit.abstractions</ModuleName>
      <Classes />
    </Module>
    <Module skippedDueTo="Filter" hash="6C-5B-46-A1-FC-88-77-25-72-25-0D-6A-D5-3B-AD-94-04-88-36-CF">
      <ModulePath>C:\Program Files\dotnet\shared\Microsoft.NETCore.App\1.0.1\System.Net.Sockets.dll</ModulePath>
      <ModuleTime>2016-08-26T19:53:08Z</ModuleTime>
      <ModuleName>System.Net.Sockets</ModuleName>
      <Classes />
    </Module>
    <Module skippedDueTo="Filter" hash="82-16-38-71-6E-30-61-F4-E5-BB-3E-19-C6-9F-1F-7C-59-8E-6C-17">
      <ModulePath>C:\Program Files\dotnet\shared\Microsoft.NETCore.App\1.0.1\System.Net.Primitives.dll</ModulePath>
      <ModuleTime>2016-08-26T19:53:02Z</ModuleTime>
      <ModuleName>System.Net.Primitives</ModuleName>
      <Classes />
    </Module>
    <Module skippedDueTo="Filter" hash="75-11-1F-FA-49-48-37-C6-14-65-7F-A4-25-26-61-70-65-55-1D-AD">
      <ModulePath>C:\Program Files\dotnet\shared\Microsoft.NETCore.App\1.0.1\System.IO.dll</ModulePath>
      <ModuleTime>2016-08-26T19:53:30Z</ModuleTime>
      <ModuleName>System.IO</ModuleName>
      <Classes />
    </Module>
    <Module skippedDueTo="Filter" hash="07-C9-0A-B4-FC-51-56-BF-DC-18-8A-6A-DE-03-D4-20-2D-FE-C1-93">
      <ModulePath>C:\Program Files\dotnet\shared\Microsoft.NETCore.App\1.0.1\System.Threading.Tasks.dll</ModulePath>
      <ModuleTime>2016-08-26T19:53:10Z</ModuleTime>
      <ModuleName>System.Threading.Tasks</ModuleName>
      <Classes />
    </Module>
    <Module skippedDueTo="Filter" hash="6E-D2-1C-DF-16-FD-F4-77-A8-A9-B0-11-F9-69-BA-44-75-21-50-A4">
      <ModulePath>C:\Users\Flo\.nuget\packages\Microsoft.Extensions.Testing.Abstractions\1.0.0-preview2-003121\lib\netstandard1.6\Microsoft.Extensions.Testing.Abstractions.dll</ModulePath>
      <ModuleTime>2016-06-21T19:04:56Z</ModuleTime>
      <ModuleName>Microsoft.Extensions.Testing.Abstractions</ModuleName>
      <Classes />
    </Module>
    <Module skippedDueTo="Filter" hash="53-D0-A3-B9-10-36-09-21-32-F4-D0-88-75-00-B5-DC-77-89-1D-78">
      <ModulePath>C:\Users\Flo\.nuget\packages\Newtonsoft.Json\9.0.1\lib\netstandard1.0\Newtonsoft.Json.dll</ModulePath>
      <ModuleTime>2016-06-13T21:06:14Z</ModuleTime>
      <ModuleName>Newtonsoft.Json</ModuleName>
      <Classes />
    </Module>
    <Module skippedDueTo="Filter" hash="50-EC-32-EC-53-BD-71-7F-2B-B5-04-27-24-C4-9B-BD-6A-88-BF-5E">
      <ModulePath>C:\Program Files\dotnet\shared\Microsoft.NETCore.App\1.0.1\System.Dynamic.Runtime.dll</ModulePath>
      <ModuleTime>2016-08-26T19:53:30Z</ModuleTime>
      <ModuleName>System.Dynamic.Runtime</ModuleName>
      <Classes />
    </Module>
    <Module skippedDueTo="Filter" hash="DC-E0-B6-05-97-63-6D-FE-C9-47-FA-5C-74-29-46-58-5C-67-4A-FB">
      <ModulePath>C:\Program Files\dotnet\shared\Microsoft.NETCore.App\1.0.1\System.Linq.Expressions.dll</ModulePath>
      <ModuleTime>2016-08-26T19:52:54Z</ModuleTime>
      <ModuleName>System.Linq.Expressions</ModuleName>
      <Classes />
    </Module>
    <Module skippedDueTo="Filter" hash="FD-AA-42-6B-58-41-67-E9-8D-CC-C7-5F-83-06-16-F9-6D-5D-08-5A">
      <ModulePath>C:\Program Files\dotnet\shared\Microsoft.NETCore.App\1.0.1\System.Console.dll</ModulePath>
      <ModuleTime>2016-08-26T19:53:10Z</ModuleTime>
      <ModuleName>System.Console</ModuleName>
      <Classes />
    </Module>
    <Module skippedDueTo="Filter" hash="63-A7-F6-D4-3B-9C-64-D6-D6-2B-8D-7E-7E-1F-76-4A-F8-AD-F3-CD">
      <ModulePath>C:\Program Files\dotnet\shared\Microsoft.NETCore.App\1.0.1\System.Reflection.dll</ModulePath>
      <ModuleTime>2016-08-26T19:53:30Z</ModuleTime>
      <ModuleName>System.Reflection</ModuleName>
      <Classes />
    </Module>
    <Module skippedDueTo="Filter" hash="90-A1-32-5A-25-BA-D7-CA-88-B8-03-05-59-9F-90-27-98-1C-90-0B">
      <ModulePath>C:\Users\Flo\.nuget\packages\Microsoft.Extensions.DependencyModel\1.0.0\lib\netstandard1.6\Microsoft.Extensions.DependencyModel.dll</ModulePath>
      <ModuleTime>2016-06-21T19:04:56Z</ModuleTime>
      <ModuleName>Microsoft.Extensions.DependencyModel</ModuleName>
      <Classes />
    </Module>
    <Module skippedDueTo="Filter" hash="8F-8D-4C-9A-0B-1F-70-0B-C2-AD-81-34-B3-20-0C-E0-68-3E-95-B9">
      <ModulePath>C:\Users\Flo\.nuget\packages\Microsoft.DotNet.InternalAbstractions\1.0.0\lib\netstandard1.3\Microsoft.DotNet.InternalAbstractions.dll</ModulePath>
      <ModuleTime>2016-06-21T19:04:54Z</ModuleTime>
      <ModuleName>Microsoft.DotNet.InternalAbstractions</ModuleName>
      <Classes />
    </Module>
    <Module skippedDueTo="Filter" hash="6C-FE-0D-3C-1E-3A-EB-17-80-B8-BE-DF-22-9A-69-B4-93-DC-2F-25">
      <ModulePath>C:\Program Files\dotnet\shared\Microsoft.NETCore.App\1.0.1\System.AppContext.dll</ModulePath>
      <ModuleTime>2016-08-26T19:53:08Z</ModuleTime>
      <ModuleName>System.AppContext</ModuleName>
      <Classes />
    </Module>
    <Module skippedDueTo="Filter" hash="B1-19-6F-4C-53-B3-76-17-64-29-F9-37-BA-6F-83-DA-58-6F-B6-B9">
      <ModulePath>C:\Program Files\dotnet\shared\Microsoft.NETCore.App\1.0.1\System.IO.FileSystem.Primitives.dll</ModulePath>
      <ModuleTime>2016-08-26T19:53:30Z</ModuleTime>
      <ModuleName>System.IO.FileSystem.Primitives</ModuleName>
      <Classes />
    </Module>
    <Module skippedDueTo="Filter" hash="CE-C5-79-4A-B6-B2-88-E9-BD-31-CD-09-A3-AD-4F-A6-DD-8D-E8-F6">
      <ModulePath>C:\Program Files\dotnet\shared\Microsoft.NETCore.App\1.0.1\System.IO.FileSystem.dll</ModulePath>
      <ModuleTime>2016-08-26T19:53:10Z</ModuleTime>
      <ModuleName>System.IO.FileSystem</ModuleName>
      <Classes />
    </Module>
    <Module skippedDueTo="Filter" hash="8B-8C-36-C1-92-C2-BF-2F-9A-00-B6-FC-ED-BB-64-31-8F-AA-22-5C">
      <ModulePath>C:\Program Files\dotnet\shared\Microsoft.NETCore.App\1.0.1\System.Runtime.Handles.dll</ModulePath>
      <ModuleTime>2016-08-26T19:53:08Z</ModuleTime>
      <ModuleName>System.Runtime.Handles</ModuleName>
      <Classes />
    </Module>
    <Module skippedDueTo="Filter" hash="2D-16-E6-CC-26-04-02-E9-E5-3A-D2-E5-96-AF-C5-3E-14-42-C6-A3">
      <ModulePath>C:\Program Files\dotnet\shared\Microsoft.NETCore.App\1.0.1\System.ObjectModel.dll</ModulePath>
      <ModuleTime>2016-08-26T19:53:30Z</ModuleTime>
      <ModuleName>System.ObjectModel</ModuleName>
      <Classes />
    </Module>
    <Module skippedDueTo="Filter" hash="61-7B-0A-E5-94-FA-50-F8-00-10-6E-27-7B-B8-78-63-A8-CA-FD-E4">
      <ModulePath>C:\Program Files\dotnet\shared\Microsoft.NETCore.App\1.0.1\System.Globalization.dll</ModulePath>
      <ModuleTime>2016-08-26T19:53:08Z</ModuleTime>
      <ModuleName>System.Globalization</ModuleName>
      <Classes />
    </Module>
    <Module skippedDueTo="Filter" hash="E7-30-19-87-96-79-E9-60-39-68-60-5C-F1-28-10-DF-70-1B-0D-DA">
      <ModulePath>C:\Program Files\dotnet\shared\Microsoft.NETCore.App\1.0.1\System.Private.Uri.dll</ModulePath>
      <ModuleTime>2016-08-26T19:53:30Z</ModuleTime>
      <ModuleName>System.Private.Uri</ModuleName>
      <Classes />
    </Module>
    <Module skippedDueTo="Filter" hash="08-37-A8-B7-56-D8-4E-E3-75-19-AE-20-DD-5D-7E-CE-BF-6F-F4-BA">
      <ModulePath>C:\Program Files\dotnet\shared\Microsoft.NETCore.App\1.0.1\System.Runtime.InteropServices.RuntimeInformation.dll</ModulePath>
      <ModuleTime>2016-08-26T19:53:08Z</ModuleTime>
      <ModuleName>System.Runtime.InteropServices.RuntimeInformation</ModuleName>
      <Classes />
    </Module>
    <Module skippedDueTo="Filter" hash="9A-99-D9-D4-11-D2-96-89-D0-1C-D3-AC-F5-6D-6A-6E-98-9B-BB-33">
      <ModulePath>C:\Program Files\dotnet\shared\Microsoft.NETCore.App\1.0.1\System.Runtime.InteropServices.dll</ModulePath>
      <ModuleTime>2016-08-26T19:53:08Z</ModuleTime>
      <ModuleName>System.Runtime.InteropServices</ModuleName>
      <Classes />
    </Module>
    <Module skippedDueTo="MissingPdb" hash="0C-2F-01-C9-8E-E0-3B-DB-70-B3-78-8D-99-7E-5C-07-BD-37-32-A8">
      <ModulePath>D:\Workspace\GitHub\Gremlin.Net\test\Gremlin.Net.IntegrationTest\bin\Debug\netcoreapp1.0\Gremlin.Net.IntegrationTest.dll</ModulePath>
      <ModuleTime>2016-10-22T19:40:56.415756Z</ModuleTime>
      <ModuleName>Gremlin.Net.IntegrationTest</ModuleName>
      <Classes />
    </Module>
    <Module hash="EC-31-17-B5-D6-3A-E9-F4-09-68-11-86-69-4A-9A-7C-A3-AA-4F-DA">
      <Summary numSequencePoints="199" visitedSequencePoints="0" numBranchPoints="104" visitedBranchPoints="0" sequenceCoverage="0" branchCoverage="0" maxCyclomaticComplexity="8" minCyclomaticComplexity="1" visitedClasses="0" numClasses="31" visitedMethods="0" numMethods="44" />
      <ModulePath>D:\Workspace\GitHub\Gremlin.Net\test\Gremlin.Net.IntegrationTest\bin\Debug\netcoreapp1.0\Gremlin.Net.dll</ModulePath>
      <ModuleTime>2016-10-22T13:53:48.7432344Z</ModuleTime>
      <ModuleName>Gremlin.Net</ModuleName>
      <Files>
        <File uid="1" fullPath="D:\Workspace\GitHub\Gremlin.Net\src\Gremlin.Net\Connection.cs" />
        <File uid="7" fullPath="D:\Workspace\GitHub\Gremlin.Net\src\Gremlin.Net\ConnectionPool.cs" />
        <File uid="12" fullPath="D:\Workspace\GitHub\Gremlin.Net\src\Gremlin.Net\GremlinClient.cs" />
        <File uid="19" fullPath="D:\Workspace\GitHub\Gremlin.Net\src\Gremlin.Net\GremlinServer.cs" />
        <File uid="20" fullPath="D:\Workspace\GitHub\Gremlin.Net\src\Gremlin.Net\JsonMessageSerializer.cs" />
        <File uid="21" fullPath="D:\Workspace\GitHub\Gremlin.Net\src\Gremlin.Net\ProxyConnection.cs" />
        <File uid="23" fullPath="D:\Workspace\GitHub\Gremlin.Net\src\Gremlin.Net\WebSocketConnection.cs" />
        <File uid="28" fullPath="D:\Workspace\GitHub\Gremlin.Net\src\Gremlin.Net\Messages\RequestArguments.cs" />
        <File uid="29" fullPath="D:\Workspace\GitHub\Gremlin.Net\src\Gremlin.Net\Messages\ResponseMessage.cs" />
        <File uid="30" fullPath="D:\Workspace\GitHub\Gremlin.Net\src\Gremlin.Net\Messages\ResponseResult.cs" />
        <File uid="31" fullPath="D:\Workspace\GitHub\Gremlin.Net\src\Gremlin.Net\Messages\ResponseStatus.cs" />
        <File uid="33" fullPath="D:\Workspace\GitHub\Gremlin.Net\src\Gremlin.Net\Messages\ResponseStatusCode.cs" />
        <File uid="34" fullPath="D:\Workspace\GitHub\Gremlin.Net\src\Gremlin.Net\Messages\ScriptRequestArguments.cs" />
        <File uid="35" fullPath="D:\Workspace\GitHub\Gremlin.Net\src\Gremlin.Net\Messages\ScriptRequestMessage.cs" />
        <File uid="36" fullPath="D:\Workspace\GitHub\Gremlin.Net\src\Gremlin.Net\Exceptions\ResponseException.cs" />
      </Files>
      <Classes>
        <Class>
          <Summary numSequencePoints="0" visitedSequencePoints="0" numBranchPoints="0" visitedBranchPoints="0" sequenceCoverage="0" branchCoverage="0" maxCyclomaticComplexity="0" minCyclomaticComplexity="0" visitedClasses="0" numClasses="0" visitedMethods="0" numMethods="0" />
          <FullName>&lt;Module&gt;</FullName>
          <Methods />
        </Class>
        <Class>
          <Summary numSequencePoints="16" visitedSequencePoints="0" numBranchPoints="9" visitedBranchPoints="0" sequenceCoverage="0" branchCoverage="0" maxCyclomaticComplexity="4" minCyclomaticComplexity="1" visitedClasses="0" numClasses="1" visitedMethods="0" numMethods="3" />
          <FullName>Gremlin.Net.Connection</FullName>
          <Methods>
            <Method visited="false" cyclomaticComplexity="1" nPathComplexity="0" sequenceCoverage="0" branchCoverage="0" isConstructor="false" isStatic="false" isGetter="false" isSetter="false">
              <Summary numSequencePoints="0" visitedSequencePoints="0" numBranchPoints="0" visitedBranchPoints="0" sequenceCoverage="0" branchCoverage="0" maxCyclomaticComplexity="1" minCyclomaticComplexity="1" visitedClasses="0" numClasses="0" visitedMethods="0" numMethods="0" />
              <MetadataToken>100663297</MetadataToken>
              <Name>System.Threading.Tasks.Task Gremlin.Net.Connection::ConnectAsync(System.Uri)</Name>
              <SequencePoints />
              <BranchPoints />
              <MethodPoint vc="0" uspid="1" ordinal="0" offset="0" />
            </Method>
            <Method visited="false" cyclomaticComplexity="1" nPathComplexity="0" sequenceCoverage="0" branchCoverage="0" isConstructor="false" isStatic="false" isGetter="false" isSetter="false">
              <Summary numSequencePoints="0" visitedSequencePoints="0" numBranchPoints="0" visitedBranchPoints="0" sequenceCoverage="0" branchCoverage="0" maxCyclomaticComplexity="1" minCyclomaticComplexity="1" visitedClasses="0" numClasses="0" visitedMethods="0" numMethods="0" />
              <MetadataToken>100663298</MetadataToken>
              <Name>System.Threading.Tasks.Task Gremlin.Net.Connection::CloseAsync()</Name>
              <SequencePoints />
              <BranchPoints />
              <MethodPoint vc="0" uspid="2" ordinal="0" offset="0" />
            </Method>
            <Method visited="false" cyclomaticComplexity="1" nPathComplexity="0" sequenceCoverage="0" branchCoverage="0" isConstructor="false" isStatic="false" isGetter="false" isSetter="false">
              <Summary numSequencePoints="0" visitedSequencePoints="0" numBranchPoints="0" visitedBranchPoints="0" sequenceCoverage="0" branchCoverage="0" maxCyclomaticComplexity="1" minCyclomaticComplexity="1" visitedClasses="0" numClasses="0" visitedMethods="0" numMethods="0" />
              <MetadataToken>100663299</MetadataToken>
              <Name>System.Threading.Tasks.Task`1&lt;System.Collections.Generic.IList`1&lt;T&gt;&gt; Gremlin.Net.Connection::SubmitAsync(Gremlin.Net.Messages.ScriptRequestMessage)</Name>
              <SequencePoints />
              <BranchPoints />
              <MethodPoint vc="0" uspid="3" ordinal="0" offset="0" />
            </Method>
            <Method visited="false" cyclomaticComplexity="1" nPathComplexity="0" sequenceCoverage="0" branchCoverage="0" isConstructor="false" isStatic="false" isGetter="false" isSetter="false">
              <Summary numSequencePoints="0" visitedSequencePoints="0" numBranchPoints="0" visitedBranchPoints="0" sequenceCoverage="0" branchCoverage="0" maxCyclomaticComplexity="1" minCyclomaticComplexity="1" visitedClasses="0" numClasses="0" visitedMethods="0" numMethods="0" />
              <MetadataToken>100663300</MetadataToken>
              <Name>System.Threading.Tasks.Task Gremlin.Net.Connection::SendAsync(Gremlin.Net.Messages.ScriptRequestMessage)</Name>
              <SequencePoints />
              <BranchPoints />
              <MethodPoint vc="0" uspid="4" ordinal="0" offset="0" />
            </Method>
            <Method visited="false" cyclomaticComplexity="1" nPathComplexity="0" sequenceCoverage="0" branchCoverage="0" isConstructor="false" isStatic="false" isGetter="false" isSetter="false">
              <Summary numSequencePoints="0" visitedSequencePoints="0" numBranchPoints="0" visitedBranchPoints="0" sequenceCoverage="0" branchCoverage="0" maxCyclomaticComplexity="1" minCyclomaticComplexity="1" visitedClasses="0" numClasses="0" visitedMethods="0" numMethods="0" />
              <MetadataToken>100663301</MetadataToken>
              <Name>System.Threading.Tasks.Task`1&lt;System.Collections.Generic.IList`1&lt;T&gt;&gt; Gremlin.Net.Connection::ReceiveAsync()</Name>
              <SequencePoints />
              <BranchPoints />
              <MethodPoint vc="0" uspid="5" ordinal="0" offset="0" />
            </Method>
            <Method visited="false" cyclomaticComplexity="1" nPathComplexity="0" sequenceCoverage="0" branchCoverage="0" isConstructor="false" isStatic="false" isGetter="false" isSetter="false">
              <Summary numSequencePoints="4" visitedSequencePoints="0" numBranchPoints="1" visitedBranchPoints="0" sequenceCoverage="0" branchCoverage="0" maxCyclomaticComplexity="1" minCyclomaticComplexity="1" visitedClasses="0" numClasses="0" visitedMethods="0" numMethods="1" />
              <MetadataToken>100663302</MetadataToken>
              <Name>System.Void Gremlin.Net.Connection::Dispose()</Name>
              <FileRef uid="1" />
              <SequencePoints>
                <SequencePoint vc="0" uspid="6" ordinal="0" offset="0" sl="76" sc="9" el="76" ec="10" bec="0" bev="0" fileid="1" />
                <SequencePoint vc="0" uspid="7" ordinal="1" offset="1" sl="77" sc="13" el="77" ec="27" bec="0" bev="0" fileid="1" />
                <SequencePoint vc="0" uspid="8" ordinal="2" offset="9" sl="78" sc="13" el="78" ec="39" bec="0" bev="0" fileid="1" />
                <SequencePoint vc="0" uspid="9" ordinal="3" offset="16" sl="79" sc="9" el="79" ec="10" bec="0" bev="0" fileid="1" />
              </SequencePoints>
              <BranchPoints />
              <MethodPoint xsi:type="SequencePoint" vc="0" uspid="6" ordinal="0" offset="0" sl="76" sc="9" el="76" ec="10" bec="0" bev="0" fileid="1" />
            </Method>
            <Method visited="false" cyclomaticComplexity="4" nPathComplexity="8" sequenceCoverage="0" branchCoverage="0" isConstructor="false" isStatic="false" isGetter="false" isSetter="false">
              <Summary numSequencePoints="10" visitedSequencePoints="0" numBranchPoints="7" visitedBranchPoints="0" sequenceCoverage="0" branchCoverage="0" maxCyclomaticComplexity="4" minCyclomaticComplexity="4" visitedClasses="0" numClasses="0" visitedMethods="0" numMethods="1" />
              <MetadataToken>100663303</MetadataToken>
              <Name>System.Void Gremlin.Net.Connection::Dispose(System.Boolean)</Name>
              <FileRef uid="1" />
              <SequencePoints>
                <SequencePoint vc="0" uspid="10" ordinal="0" offset="0" sl="82" sc="9" el="82" ec="10" bec="0" bev="0" fileid="1" />
                <SequencePoint vc="0" uspid="11" ordinal="1" offset="1" sl="83" sc="13" el="83" ec="28" bec="2" bev="0" fileid="1" />
                <SequencePoint vc="0" uspid="12" ordinal="2" offset="14" sl="84" sc="13" el="84" ec="14" bec="0" bev="0" fileid="1" />
                <SequencePoint vc="0" uspid="13" ordinal="3" offset="15" sl="85" sc="17" el="85" ec="31" bec="2" bev="0" fileid="1" />
                <SequencePoint vc="0" uspid="14" ordinal="4" offset="20" sl="86" sc="17" el="86" ec="18" bec="0" bev="0" fileid="1" />
                <SequencePoint vc="0" uspid="15" ordinal="5" offset="21" sl="87" sc="21" el="87" ec="53" bec="2" bev="0" fileid="1" />
                <SequencePoint vc="0" uspid="16" ordinal="6" offset="39" sl="88" sc="17" el="88" ec="18" bec="0" bev="0" fileid="1" />
                <SequencePoint vc="0" uspid="17" ordinal="7" offset="40" sl="89" sc="17" el="89" ec="34" bec="0" bev="0" fileid="1" />
                <SequencePoint vc="0" uspid="18" ordinal="8" offset="47" sl="90" sc="13" el="90" ec="14" bec="0" bev="0" fileid="1" />
                <SequencePoint vc="0" uspid="19" ordinal="9" offset="48" sl="91" sc="9" el="91" ec="10" bec="0" bev="0" fileid="1" />
              </SequencePoints>
              <BranchPoints>
                <BranchPoint vc="0" uspid="20" ordinal="0" offset="12" sl="83" path="0" offsetend="14" fileid="1" />
                <BranchPoint vc="0" uspid="21" ordinal="1" offset="12" sl="83" path="1" offsetend="48" fileid="1" />
                <BranchPoint vc="0" uspid="22" ordinal="2" offset="18" sl="85" path="0" offsetend="20" fileid="1" />
                <BranchPoint vc="0" uspid="23" ordinal="3" offset="18" sl="85" path="1" offsetend="40" fileid="1" />
                <BranchPoint vc="0" uspid="24" ordinal="4" offset="28" sl="87" path="0" offsetend="30" fileid="1" />
                <BranchPoint vc="0" uspid="25" ordinal="5" offset="28" sl="87" path="1" offsetend="33" fileid="1" />
              </BranchPoints>
              <MethodPoint xsi:type="SequencePoint" vc="0" uspid="10" ordinal="0" offset="0" sl="82" sc="9" el="82" ec="10" bec="0" bev="0" fileid="1" />
            </Method>
            <Method visited="false" cyclomaticComplexity="1" nPathComplexity="0" sequenceCoverage="0" branchCoverage="0" isConstructor="true" isStatic="false" isGetter="false" isSetter="false">
              <Summary numSequencePoints="2" visitedSequencePoints="0" numBranchPoints="1" visitedBranchPoints="0" sequenceCoverage="0" branchCoverage="0" maxCyclomaticComplexity="1" minCyclomaticComplexity="1" visitedClasses="0" numClasses="0" visitedMethods="0" numMethods="1" />
              <MetadataToken>100663304</MetadataToken>
              <Name>System.Void Gremlin.Net.Connection::.ctor()</Name>
              <FileRef uid="1" />
              <SequencePoints>
                <SequencePoint vc="0" uspid="26" ordinal="0" offset="0" sl="28" sc="9" el="28" ec="97" bec="0" bev="0" fileid="1" />
                <SequencePoint vc="0" uspid="27" ordinal="1" offset="11" sl="29" sc="9" el="29" ec="95" bec="0" bev="0" fileid="1" />
              </SequencePoints>
              <BranchPoints />
              <MethodPoint xsi:type="SequencePoint" vc="0" uspid="26" ordinal="0" offset="0" sl="28" sc="9" el="28" ec="97" bec="0" bev="0" fileid="1" />
            </Method>
          </Methods>
        </Class>
        <Class>
          <Summary numSequencePoints="2" visitedSequencePoints="0" numBranchPoints="1" visitedBranchPoints="0" sequenceCoverage="0" branchCoverage="0" maxCyclomaticComplexity="3" minCyclomaticComplexity="1" visitedClasses="0" numClasses="1" visitedMethods="0" numMethods="1" />
          <FullName>Gremlin.Net.Connection/&lt;ConnectAsync&gt;d__2</FullName>
          <Methods>
            <Method visited="false" cyclomaticComplexity="1" nPathComplexity="0" sequenceCoverage="0" branchCoverage="0" isConstructor="true" isStatic="false" isGetter="false" isSetter="false">
              <Summary numSequencePoints="0" visitedSequencePoints="0" numBranchPoints="0" visitedBranchPoints="0" sequenceCoverage="0" branchCoverage="0" maxCyclomaticComplexity="1" minCyclomaticComplexity="1" visitedClasses="0" numClasses="0" visitedMethods="0" numMethods="0" />
              <MetadataToken>100663385</MetadataToken>
              <Name>System.Void Gremlin.Net.Connection/&lt;ConnectAsync&gt;d__2::.ctor()</Name>
              <SequencePoints />
              <BranchPoints />
              <MethodPoint vc="0" uspid="28" ordinal="0" offset="0" />
            </Method>
            <Method visited="false" cyclomaticComplexity="3" nPathComplexity="0" sequenceCoverage="0" branchCoverage="0" isConstructor="false" isStatic="false" isGetter="false" isSetter="false">
              <Summary numSequencePoints="2" visitedSequencePoints="0" numBranchPoints="1" visitedBranchPoints="0" sequenceCoverage="0" branchCoverage="0" maxCyclomaticComplexity="3" minCyclomaticComplexity="3" visitedClasses="0" numClasses="0" visitedMethods="0" numMethods="1" />
              <MetadataToken>100663386</MetadataToken>
              <Name>System.Void Gremlin.Net.Connection/&lt;ConnectAsync&gt;d__2::MoveNext()</Name>
              <FileRef uid="1" />
              <SequencePoints>
                <SequencePoint vc="0" uspid="29" ordinal="0" offset="14" sl="32" sc="9" el="32" ec="10" bec="0" bev="0" fileid="1" />
                <SequencePoint vc="0" uspid="30" ordinal="1" offset="15" sl="33" sc="13" el="33" ec="80" bec="0" bev="0" fileid="1" />
              </SequencePoints>
              <BranchPoints />
              <MethodPoint vc="0" uspid="34" ordinal="0" offset="0" />
            </Method>
            <Method visited="false" cyclomaticComplexity="1" nPathComplexity="0" sequenceCoverage="0" branchCoverage="0" isConstructor="false" isStatic="false" isGetter="false" isSetter="false">
              <Summary numSequencePoints="0" visitedSequencePoints="0" numBranchPoints="0" visitedBranchPoints="0" sequenceCoverage="0" branchCoverage="0" maxCyclomaticComplexity="1" minCyclomaticComplexity="1" visitedClasses="0" numClasses="0" visitedMethods="0" numMethods="0" />
              <MetadataToken>100663387</MetadataToken>
              <Name>System.Void Gremlin.Net.Connection/&lt;ConnectAsync&gt;d__2::SetStateMachine(System.Runtime.CompilerServices.IAsyncStateMachine)</Name>
              <SequencePoints />
              <BranchPoints />
              <MethodPoint vc="0" uspid="35" ordinal="0" offset="0" />
            </Method>
          </Methods>
        </Class>
        <Class>
          <Summary numSequencePoints="2" visitedSequencePoints="0" numBranchPoints="1" visitedBranchPoints="0" sequenceCoverage="0" branchCoverage="0" maxCyclomaticComplexity="3" minCyclomaticComplexity="1" visitedClasses="0" numClasses="1" visitedMethods="0" numMethods="1" />
          <FullName>Gremlin.Net.Connection/&lt;CloseAsync&gt;d__3</FullName>
          <Methods>
            <Method visited="false" cyclomaticComplexity="1" nPathComplexity="0" sequenceCoverage="0" branchCoverage="0" isConstructor="true" isStatic="false" isGetter="false" isSetter="false">
              <Summary numSequencePoints="0" visitedSequencePoints="0" numBranchPoints="0" visitedBranchPoints="0" sequenceCoverage="0" branchCoverage="0" maxCyclomaticComplexity="1" minCyclomaticComplexity="1" visitedClasses="0" numClasses="0" visitedMethods="0" numMethods="0" />
              <MetadataToken>100663388</MetadataToken>
              <Name>System.Void Gremlin.Net.Connection/&lt;CloseAsync&gt;d__3::.ctor()</Name>
              <SequencePoints />
              <BranchPoints />
              <MethodPoint vc="0" uspid="36" ordinal="0" offset="0" />
            </Method>
            <Method visited="false" cyclomaticComplexity="3" nPathComplexity="0" sequenceCoverage="0" branchCoverage="0" isConstructor="false" isStatic="false" isGetter="false" isSetter="false">
              <Summary numSequencePoints="2" visitedSequencePoints="0" numBranchPoints="1" visitedBranchPoints="0" sequenceCoverage="0" branchCoverage="0" maxCyclomaticComplexity="3" minCyclomaticComplexity="3" visitedClasses="0" numClasses="0" visitedMethods="0" numMethods="1" />
              <MetadataToken>100663389</MetadataToken>
              <Name>System.Void Gremlin.Net.Connection/&lt;CloseAsync&gt;d__3::MoveNext()</Name>
              <FileRef uid="1" />
              <SequencePoints>
                <SequencePoint vc="0" uspid="37" ordinal="0" offset="14" sl="37" sc="9" el="37" ec="10" bec="0" bev="0" fileid="1" />
                <SequencePoint vc="0" uspid="38" ordinal="1" offset="15" sl="38" sc="13" el="38" ec="75" bec="0" bev="0" fileid="1" />
              </SequencePoints>
              <BranchPoints />
              <MethodPoint vc="0" uspid="42" ordinal="0" offset="0" />
            </Method>
            <Method visited="false" cyclomaticComplexity="1" nPathComplexity="0" sequenceCoverage="0" branchCoverage="0" isConstructor="false" isStatic="false" isGetter="false" isSetter="false">
              <Summary numSequencePoints="0" visitedSequencePoints="0" numBranchPoints="0" visitedBranchPoints="0" sequenceCoverage="0" branchCoverage="0" maxCyclomaticComplexity="1" minCyclomaticComplexity="1" visitedClasses="0" numClasses="0" visitedMethods="0" numMethods="0" />
              <MetadataToken>100663390</MetadataToken>
              <Name>System.Void Gremlin.Net.Connection/&lt;CloseAsync&gt;d__3::SetStateMachine(System.Runtime.CompilerServices.IAsyncStateMachine)</Name>
              <SequencePoints />
              <BranchPoints />
              <MethodPoint vc="0" uspid="43" ordinal="0" offset="0" />
            </Method>
          </Methods>
        </Class>
        <Class>
          <Summary numSequencePoints="3" visitedSequencePoints="0" numBranchPoints="1" visitedBranchPoints="0" sequenceCoverage="0" branchCoverage="0" maxCyclomaticComplexity="5" minCyclomaticComplexity="1" visitedClasses="0" numClasses="1" visitedMethods="0" numMethods="1" />
          <FullName>Gremlin.Net.Connection/&lt;SubmitAsync&gt;d__4`1</FullName>
          <Methods>
            <Method visited="false" cyclomaticComplexity="1" nPathComplexity="0" sequenceCoverage="0" branchCoverage="0" isConstructor="true" isStatic="false" isGetter="false" isSetter="false">
              <Summary numSequencePoints="0" visitedSequencePoints="0" numBranchPoints="0" visitedBranchPoints="0" sequenceCoverage="0" branchCoverage="0" maxCyclomaticComplexity="1" minCyclomaticComplexity="1" visitedClasses="0" numClasses="0" visitedMethods="0" numMethods="0" />
              <MetadataToken>100663391</MetadataToken>
              <Name>System.Void Gremlin.Net.Connection/&lt;SubmitAsync&gt;d__4`1::.ctor()</Name>
              <SequencePoints />
              <BranchPoints />
              <MethodPoint vc="0" uspid="44" ordinal="0" offset="0" />
            </Method>
            <Method visited="false" cyclomaticComplexity="5" nPathComplexity="0" sequenceCoverage="0" branchCoverage="0" isConstructor="false" isStatic="false" isGetter="false" isSetter="false">
              <Summary numSequencePoints="3" visitedSequencePoints="0" numBranchPoints="1" visitedBranchPoints="0" sequenceCoverage="0" branchCoverage="0" maxCyclomaticComplexity="5" minCyclomaticComplexity="5" visitedClasses="0" numClasses="0" visitedMethods="0" numMethods="1" />
              <MetadataToken>100663392</MetadataToken>
              <Name>System.Void Gremlin.Net.Connection/&lt;SubmitAsync&gt;d__4`1::MoveNext()</Name>
              <FileRef uid="1" />
              <SequencePoints>
                <SequencePoint vc="0" uspid="45" ordinal="0" offset="25" sl="42" sc="9" el="42" ec="10" bec="0" bev="0" fileid="1" />
                <SequencePoint vc="0" uspid="46" ordinal="1" offset="26" sl="43" sc="13" el="43" ec="67" bec="0" bev="0" fileid="1" />
                <SequencePoint vc="0" uspid="47" ordinal="2" offset="151" sl="44" sc="13" el="44" ec="66" bec="0" bev="0" fileid="1" />
              </SequencePoints>
              <BranchPoints />
              <MethodPoint vc="0" uspid="57" ordinal="0" offset="0" />
            </Method>
            <Method visited="false" cyclomaticComplexity="1" nPathComplexity="0" sequenceCoverage="0" branchCoverage="0" isConstructor="false" isStatic="false" isGetter="false" isSetter="false">
              <Summary numSequencePoints="0" visitedSequencePoints="0" numBranchPoints="0" visitedBranchPoints="0" sequenceCoverage="0" branchCoverage="0" maxCyclomaticComplexity="1" minCyclomaticComplexity="1" visitedClasses="0" numClasses="0" visitedMethods="0" numMethods="0" />
              <MetadataToken>100663393</MetadataToken>
              <Name>System.Void Gremlin.Net.Connection/&lt;SubmitAsync&gt;d__4`1::SetStateMachine(System.Runtime.CompilerServices.IAsyncStateMachine)</Name>
              <SequencePoints />
              <BranchPoints />
              <MethodPoint vc="0" uspid="58" ordinal="0" offset="0" />
            </Method>
          </Methods>
        </Class>
        <Class>
          <Summary numSequencePoints="3" visitedSequencePoints="0" numBranchPoints="1" visitedBranchPoints="0" sequenceCoverage="0" branchCoverage="0" maxCyclomaticComplexity="3" minCyclomaticComplexity="1" visitedClasses="0" numClasses="1" visitedMethods="0" numMethods="1" />
          <FullName>Gremlin.Net.Connection/&lt;SendAsync&gt;d__5</FullName>
          <Methods>
            <Method visited="false" cyclomaticComplexity="1" nPathComplexity="0" sequenceCoverage="0" branchCoverage="0" isConstructor="true" isStatic="false" isGetter="false" isSetter="false">
              <Summary numSequencePoints="0" visitedSequencePoints="0" numBranchPoints="0" visitedBranchPoints="0" sequenceCoverage="0" branchCoverage="0" maxCyclomaticComplexity="1" minCyclomaticComplexity="1" visitedClasses="0" numClasses="0" visitedMethods="0" numMethods="0" />
              <MetadataToken>100663394</MetadataToken>
              <Name>System.Void Gremlin.Net.Connection/&lt;SendAsync&gt;d__5::.ctor()</Name>
              <SequencePoints />
              <BranchPoints />
              <MethodPoint vc="0" uspid="59" ordinal="0" offset="0" />
            </Method>
            <Method visited="false" cyclomaticComplexity="3" nPathComplexity="0" sequenceCoverage="0" branchCoverage="0" isConstructor="false" isStatic="false" isGetter="false" isSetter="false">
              <Summary numSequencePoints="3" visitedSequencePoints="0" numBranchPoints="1" visitedBranchPoints="0" sequenceCoverage="0" branchCoverage="0" maxCyclomaticComplexity="3" minCyclomaticComplexity="3" visitedClasses="0" numClasses="0" visitedMethods="0" numMethods="1" />
              <MetadataToken>100663395</MetadataToken>
              <Name>System.Void Gremlin.Net.Connection/&lt;SendAsync&gt;d__5::MoveNext()</Name>
              <FileRef uid="1" />
              <SequencePoints>
                <SequencePoint vc="0" uspid="60" ordinal="0" offset="14" sl="48" sc="9" el="48" ec="10" bec="0" bev="0" fileid="1" />
                <SequencePoint vc="0" uspid="61" ordinal="1" offset="15" sl="49" sc="13" el="49" ec="78" bec="0" bev="0" fileid="1" />
                <SequencePoint vc="0" uspid="62" ordinal="2" offset="43" sl="50" sc="13" el="50" ec="94" bec="0" bev="0" fileid="1" />
              </SequencePoints>
              <BranchPoints />
              <MethodPoint vc="0" uspid="66" ordinal="0" offset="0" />
            </Method>
            <Method visited="false" cyclomaticComplexity="1" nPathComplexity="0" sequenceCoverage="0" branchCoverage="0" isConstructor="false" isStatic="false" isGetter="false" isSetter="false">
              <Summary numSequencePoints="0" visitedSequencePoints="0" numBranchPoints="0" visitedBranchPoints="0" sequenceCoverage="0" branchCoverage="0" maxCyclomaticComplexity="1" minCyclomaticComplexity="1" visitedClasses="0" numClasses="0" visitedMethods="0" numMethods="0" />
              <MetadataToken>100663396</MetadataToken>
              <Name>System.Void Gremlin.Net.Connection/&lt;SendAsync&gt;d__5::SetStateMachine(System.Runtime.CompilerServices.IAsyncStateMachine)</Name>
              <SequencePoints />
              <BranchPoints />
              <MethodPoint vc="0" uspid="67" ordinal="0" offset="0" />
            </Method>
          </Methods>
        </Class>
        <Class>
          <Summary numSequencePoints="11" visitedSequencePoints="0" numBranchPoints="5" visitedBranchPoints="0" sequenceCoverage="0" branchCoverage="0" maxCyclomaticComplexity="5" minCyclomaticComplexity="1" visitedClasses="0" numClasses="1" visitedMethods="0" numMethods="1" />
          <FullName>Gremlin.Net.Connection/&lt;ReceiveAsync&gt;d__6`1</FullName>
          <Methods>
            <Method visited="false" cyclomaticComplexity="1" nPathComplexity="0" sequenceCoverage="0" branchCoverage="0" isConstructor="true" isStatic="false" isGetter="false" isSetter="false">
              <Summary numSequencePoints="0" visitedSequencePoints="0" numBranchPoints="0" visitedBranchPoints="0" sequenceCoverage="0" branchCoverage="0" maxCyclomaticComplexity="1" minCyclomaticComplexity="1" visitedClasses="0" numClasses="0" visitedMethods="0" numMethods="0" />
              <MetadataToken>100663397</MetadataToken>
              <Name>System.Void Gremlin.Net.Connection/&lt;ReceiveAsync&gt;d__6`1::.ctor()</Name>
              <SequencePoints />
              <BranchPoints />
              <MethodPoint vc="0" uspid="68" ordinal="0" offset="0" />
            </Method>
            <Method visited="false" cyclomaticComplexity="5" nPathComplexity="4" sequenceCoverage="0" branchCoverage="0" isConstructor="false" isStatic="false" isGetter="false" isSetter="false">
              <Summary numSequencePoints="11" visitedSequencePoints="0" numBranchPoints="5" visitedBranchPoints="0" sequenceCoverage="0" branchCoverage="0" maxCyclomaticComplexity="5" minCyclomaticComplexity="5" visitedClasses="0" numClasses="0" visitedMethods="0" numMethods="1" />
              <MetadataToken>100663398</MetadataToken>
              <Name>System.Void Gremlin.Net.Connection/&lt;ReceiveAsync&gt;d__6`1::MoveNext()</Name>
              <FileRef uid="1" />
              <SequencePoints>
                <SequencePoint vc="0" uspid="69" ordinal="0" offset="14" sl="54" sc="9" el="54" ec="10" bec="0" bev="0" fileid="1" />
                <SequencePoint vc="0" uspid="70" ordinal="1" offset="15" sl="56" sc="13" el="56" ec="40" bec="0" bev="0" fileid="1" />
                <SequencePoint vc="0" uspid="71" ordinal="2" offset="26" sl="58" sc="13" el="58" ec="14" bec="0" bev="0" fileid="1" />
                <SequencePoint vc="0" uspid="72" ordinal="3" offset="27" sl="59" sc="17" el="59" ec="103" bec="0" bev="0" fileid="1" />
                <SequencePoint vc="0" uspid="73" ordinal="4" offset="178" sl="60" sc="17" el="60" ec="107" bec="0" bev="0" fileid="1" />
                <SequencePoint vc="0" uspid="74" ordinal="5" offset="206" sl="62" sc="17" el="62" ec="49" bec="0" bev="0" fileid="1" />
                <SequencePoint vc="0" uspid="75" ordinal="6" offset="223" sl="63" sc="17" el="63" ec="54" bec="0" bev="0" fileid="1" />
                <SequencePoint vc="0" uspid="76" ordinal="7" offset="235" sl="65" sc="17" el="65" ec="65" bec="2" bev="0" fileid="1" />
                <SequencePoint vc="0" uspid="77" ordinal="8" offset="262" sl="66" sc="21" el="66" ec="66" bec="0" bev="0" fileid="1" />
                <SequencePoint vc="0" uspid="79" ordinal="10" offset="305" sl="67" sc="15" el="67" ec="72" bec="2" bev="0" fileid="1" />
                <SequencePoint vc="0" uspid="80" ordinal="11" offset="332" sl="69" sc="13" el="69" ec="27" bec="0" bev="0" fileid="1" />
              </SequencePoints>
              <BranchPoints>
                <BranchPoint vc="0" uspid="86" ordinal="4" offset="260" sl="65" path="0" offsetend="262" fileid="1" />
                <BranchPoint vc="0" uspid="87" ordinal="5" offset="260" sl="65" path="1" offsetend="290" fileid="1" />
                <BranchPoint vc="0" uspid="88" ordinal="6" offset="327" sl="67" path="0" offsetend="332" fileid="1" />
                <BranchPoint vc="0" uspid="89" ordinal="7" offset="327" sl="67" path="1" offsetend="26" fileid="1" />
              </BranchPoints>
              <MethodPoint vc="0" uspid="90" ordinal="0" offset="0" />
            </Method>
            <Method visited="false" cyclomaticComplexity="1" nPathComplexity="0" sequenceCoverage="0" branchCoverage="0" isConstructor="false" isStatic="false" isGetter="false" isSetter="false">
              <Summary numSequencePoints="0" visitedSequencePoints="0" numBranchPoints="0" visitedBranchPoints="0" sequenceCoverage="0" branchCoverage="0" maxCyclomaticComplexity="1" minCyclomaticComplexity="1" visitedClasses="0" numClasses="0" visitedMethods="0" numMethods="0" />
              <MetadataToken>100663399</MetadataToken>
              <Name>System.Void Gremlin.Net.Connection/&lt;ReceiveAsync&gt;d__6`1::SetStateMachine(System.Runtime.CompilerServices.IAsyncStateMachine)</Name>
              <SequencePoints />
              <BranchPoints />
              <MethodPoint vc="0" uspid="91" ordinal="0" offset="0" />
            </Method>
          </Methods>
        </Class>
        <Class>
          <Summary numSequencePoints="35" visitedSequencePoints="0" numBranchPoints="10" visitedBranchPoints="0" sequenceCoverage="0" branchCoverage="0" maxCyclomaticComplexity="8" minCyclomaticComplexity="1" visitedClasses="0" numClasses="1" visitedMethods="0" numMethods="4" />
          <FullName>Gremlin.Net.ConnectionPool</FullName>
          <Methods>
            <Method skippedDueTo="AutoImplementedProperty" visited="false" cyclomaticComplexity="1" nPathComplexity="0" sequenceCoverage="0" branchCoverage="0" isConstructor="false" isStatic="false" isGetter="true" isSetter="false">
              <MetadataToken>100663306</MetadataToken>
              <Name>System.Int32 Gremlin.Net.ConnectionPool::get_NrConnections()</Name>
              <FileRef uid="7" />
              <SequencePoints />
              <BranchPoints />
            </Method>
            <Method skippedDueTo="AutoImplementedProperty" visited="false" cyclomaticComplexity="1" nPathComplexity="0" sequenceCoverage="0" branchCoverage="0" isConstructor="false" isStatic="false" isGetter="false" isSetter="true">
              <MetadataToken>100663307</MetadataToken>
              <Name>System.Void Gremlin.Net.ConnectionPool::set_NrConnections(System.Int32)</Name>
              <FileRef uid="7" />
              <SequencePoints />
              <BranchPoints />
            </Method>
            <Method visited="false" cyclomaticComplexity="1" nPathComplexity="0" sequenceCoverage="0" branchCoverage="0" isConstructor="true" isStatic="false" isGetter="false" isSetter="false">
              <Summary numSequencePoints="6" visitedSequencePoints="0" numBranchPoints="1" visitedBranchPoints="0" sequenceCoverage="0" branchCoverage="0" maxCyclomaticComplexity="1" minCyclomaticComplexity="1" visitedClasses="0" numClasses="0" visitedMethods="0" numMethods="1" />
              <MetadataToken>100663305</MetadataToken>
              <Name>System.Void Gremlin.Net.ConnectionPool::.ctor(System.Uri)</Name>
              <FileRef uid="7" />
              <SequencePoints>
                <SequencePoint vc="0" uspid="92" ordinal="0" offset="0" sl="29" sc="9" el="29" ec="99" bec="0" bev="0" fileid="7" />
                <SequencePoint vc="0" uspid="93" ordinal="1" offset="11" sl="30" sc="9" el="30" ec="65" bec="0" bev="0" fileid="7" />
                <SequencePoint vc="0" uspid="94" ordinal="2" offset="22" sl="33" sc="9" el="33" ec="39" bec="0" bev="0" fileid="7" />
                <SequencePoint vc="0" uspid="95" ordinal="3" offset="29" sl="34" sc="9" el="34" ec="10" bec="0" bev="0" fileid="7" />
                <SequencePoint vc="0" uspid="96" ordinal="4" offset="30" sl="35" sc="13" el="35" ec="24" bec="0" bev="0" fileid="7" />
                <SequencePoint vc="0" uspid="97" ordinal="5" offset="37" sl="36" sc="9" el="36" ec="10" bec="0" bev="0" fileid="7" />
              </SequencePoints>
              <BranchPoints />
              <MethodPoint xsi:type="SequencePoint" vc="0" uspid="92" ordinal="0" offset="0" sl="29" sc="9" el="29" ec="99" bec="0" bev="0" fileid="7" />
            </Method>
            <Method visited="false" cyclomaticComplexity="1" nPathComplexity="0" sequenceCoverage="0" branchCoverage="0" isConstructor="false" isStatic="false" isGetter="false" isSetter="false">
              <Summary numSequencePoints="0" visitedSequencePoints="0" numBranchPoints="0" visitedBranchPoints="0" sequenceCoverage="0" branchCoverage="0" maxCyclomaticComplexity="1" minCyclomaticComplexity="1" visitedClasses="0" numClasses="0" visitedMethods="0" numMethods="0" />
              <MetadataToken>100663308</MetadataToken>
              <Name>System.Threading.Tasks.Task`1&lt;Gremlin.Net.IConnection&gt; Gremlin.Net.ConnectionPool::GetAvailableConnectionAsync()</Name>
              <SequencePoints />
              <BranchPoints />
              <MethodPoint vc="0" uspid="98" ordinal="0" offset="0" />
            </Method>
            <Method visited="false" cyclomaticComplexity="1" nPathComplexity="0" sequenceCoverage="0" branchCoverage="0" isConstructor="false" isStatic="false" isGetter="false" isSetter="false">
              <Summary numSequencePoints="0" visitedSequencePoints="0" numBranchPoints="0" visitedBranchPoints="0" sequenceCoverage="0" branchCoverage="0" maxCyclomaticComplexity="1" minCyclomaticComplexity="1" visitedClasses="0" numClasses="0" visitedMethods="0" numMethods="0" />
              <MetadataToken>100663309</MetadataToken>
              <Name>System.Threading.Tasks.Task`1&lt;Gremlin.Net.Connection&gt; Gremlin.Net.ConnectionPool::CreateNewConnectionAsync()</Name>
              <SequencePoints />
              <BranchPoints />
              <MethodPoint vc="0" uspid="99" ordinal="0" offset="0" />
            </Method>
            <Method visited="false" cyclomaticComplexity="2" nPathComplexity="0" sequenceCoverage="0" branchCoverage="0" isConstructor="false" isStatic="false" isGetter="false" isSetter="false">
              <Summary numSequencePoints="4" visitedSequencePoints="0" numBranchPoints="1" visitedBranchPoints="0" sequenceCoverage="0" branchCoverage="0" maxCyclomaticComplexity="2" minCyclomaticComplexity="2" visitedClasses="0" numClasses="0" visitedMethods="0" numMethods="1" />
              <MetadataToken>100663310</MetadataToken>
              <Name>System.Void Gremlin.Net.ConnectionPool::AddConnection(Gremlin.Net.Connection)</Name>
              <FileRef uid="7" />
              <SequencePoints>
                <SequencePoint vc="0" uspid="100" ordinal="0" offset="0" sl="64" sc="9" el="64" ec="10" bec="0" bev="0" fileid="7" />
                <SequencePoint vc="0" uspid="101" ordinal="1" offset="1" sl="65" sc="13" el="65" ec="36" bec="0" bev="0" fileid="7" />
                <SequencePoint vc="0" uspid="102" ordinal="2" offset="19" sl="66" sc="17" el="66" ec="46" bec="0" bev="0" fileid="7" />
                <SequencePoint vc="0" uspid="103" ordinal="3" offset="45" sl="67" sc="9" el="67" ec="10" bec="0" bev="0" fileid="7" />
              </SequencePoints>
              <BranchPoints />
              <MethodPoint xsi:type="SequencePoint" vc="0" uspid="100" ordinal="0" offset="0" sl="64" sc="9" el="64" ec="10" bec="0" bev="0" fileid="7" />
            </Method>
            <Method visited="false" cyclomaticComplexity="1" nPathComplexity="0" sequenceCoverage="0" branchCoverage="0" isConstructor="false" isStatic="false" isGetter="false" isSetter="false">
              <Summary numSequencePoints="4" visitedSequencePoints="0" numBranchPoints="1" visitedBranchPoints="0" sequenceCoverage="0" branchCoverage="0" maxCyclomaticComplexity="1" minCyclomaticComplexity="1" visitedClasses="0" numClasses="0" visitedMethods="0" numMethods="1" />
              <MetadataToken>100663311</MetadataToken>
              <Name>System.Void Gremlin.Net.ConnectionPool::Dispose()</Name>
              <FileRef uid="7" />
              <SequencePoints>
                <SequencePoint vc="0" uspid="104" ordinal="0" offset="0" sl="73" sc="9" el="73" ec="10" bec="0" bev="0" fileid="7" />
                <SequencePoint vc="0" uspid="105" ordinal="1" offset="1" sl="74" sc="13" el="74" ec="27" bec="0" bev="0" fileid="7" />
                <SequencePoint vc="0" uspid="106" ordinal="2" offset="9" sl="75" sc="13" el="75" ec="39" bec="0" bev="0" fileid="7" />
                <SequencePoint vc="0" uspid="107" ordinal="3" offset="16" sl="76" sc="9" el="76" ec="10" bec="0" bev="0" fileid="7" />
              </SequencePoints>
              <BranchPoints />
              <MethodPoint xsi:type="SequencePoint" vc="0" uspid="104" ordinal="0" offset="0" sl="73" sc="9" el="73" ec="10" bec="0" bev="0" fileid="7" />
            </Method>
            <Method visited="false" cyclomaticComplexity="8" nPathComplexity="8" sequenceCoverage="0" branchCoverage="0" isConstructor="false" isStatic="false" isGetter="false" isSetter="false">
              <Summary numSequencePoints="21" visitedSequencePoints="0" numBranchPoints="7" visitedBranchPoints="0" sequenceCoverage="0" branchCoverage="0" maxCyclomaticComplexity="8" minCyclomaticComplexity="8" visitedClasses="0" numClasses="0" visitedMethods="0" numMethods="1" />
              <MetadataToken>100663312</MetadataToken>
              <Name>System.Void Gremlin.Net.ConnectionPool::Dispose(System.Boolean)</Name>
              <FileRef uid="7" />
              <SequencePoints>
                <SequencePoint vc="0" uspid="108" ordinal="0" offset="0" sl="79" sc="9" el="79" ec="10" bec="0" bev="0" fileid="7" />
                <SequencePoint vc="0" uspid="109" ordinal="1" offset="1" sl="80" sc="13" el="80" ec="28" bec="2" bev="0" fileid="7" />
                <SequencePoint vc="0" uspid="110" ordinal="2" offset="17" sl="81" sc="13" el="81" ec="14" bec="0" bev="0" fileid="7" />
                <SequencePoint vc="0" uspid="111" ordinal="3" offset="18" sl="82" sc="17" el="82" ec="31" bec="2" bev="0" fileid="7" />
                <SequencePoint vc="0" uspid="112" ordinal="4" offset="26" sl="83" sc="17" el="83" ec="18" bec="0" bev="0" fileid="7" />
                <SequencePoint vc="0" uspid="113" ordinal="5" offset="27" sl="84" sc="21" el="84" ec="44" bec="0" bev="0" fileid="7" />
                <SequencePoint vc="0" uspid="114" ordinal="6" offset="45" sl="85" sc="21" el="85" ec="22" bec="0" bev="0" fileid="7" />
                <SequencePoint vc="0" uspid="115" ordinal="7" offset="46" sl="86" sc="25" el="86" ec="75" bec="2" bev="0" fileid="7" />
                <SequencePoint vc="0" uspid="116" ordinal="8" offset="77" sl="87" sc="25" el="87" ec="26" bec="0" bev="0" fileid="7" />
                <SequencePoint vc="0" uspid="117" ordinal="9" offset="78" sl="88" sc="29" el="88" ec="52" bec="0" bev="0" fileid="7" />
                <SequencePoint vc="0" uspid="118" ordinal="10" offset="90" sl="90" sc="29" el="90" ec="36" bec="0" bev="0" fileid="7" />
                <SequencePoint vc="0" uspid="119" ordinal="11" offset="91" sl="90" sc="50" el="90" ec="62" bec="0" bev="0" fileid="7" />
                <SequencePoint vc="0" uspid="120" ordinal="12" offset="106" sl="90" sc="38" el="90" ec="46" bec="0" bev="0" fileid="7" />
                <SequencePoint vc="0" uspid="121" ordinal="13" offset="115" sl="91" sc="33" el="91" ec="48" bec="0" bev="0" fileid="7" />
                <SequencePoint vc="0" uspid="122" ordinal="14" offset="123" sl="90" sc="47" el="90" ec="49" bec="0" bev="0" fileid="7" />
                <SequencePoint vc="0" uspid="123" ordinal="15" offset="147" sl="92" sc="25" el="92" ec="26" bec="0" bev="0" fileid="7" />
                <SequencePoint vc="0" uspid="124" ordinal="16" offset="148" sl="93" sc="21" el="93" ec="22" bec="0" bev="0" fileid="7" />
                <SequencePoint vc="0" uspid="125" ordinal="17" offset="162" sl="94" sc="17" el="94" ec="18" bec="0" bev="0" fileid="7" />
                <SequencePoint vc="0" uspid="126" ordinal="18" offset="163" sl="95" sc="17" el="95" ec="34" bec="0" bev="0" fileid="7" />
                <SequencePoint vc="0" uspid="127" ordinal="19" offset="170" sl="96" sc="13" el="96" ec="14" bec="0" bev="0" fileid="7" />
                <SequencePoint vc="0" uspid="128" ordinal="20" offset="171" sl="97" sc="9" el="97" ec="10" bec="0" bev="0" fileid="7" />
              </SequencePoints>
              <BranchPoints>
                <BranchPoint vc="0" uspid="129" ordinal="0" offset="12" sl="80" path="0" offsetend="17" fileid="7" />
                <BranchPoint vc="0" uspid="130" ordinal="1" offset="12" sl="80" path="1" offsetend="171" fileid="7" />
                <BranchPoint vc="0" uspid="131" ordinal="2" offset="21" sl="82" path="0" offsetend="26" fileid="7" />
                <BranchPoint vc="0" uspid="132" ordinal="3" offset="21" sl="82" path="1" offsetend="163" fileid="7" />
                <BranchPoint vc="0" uspid="135" ordinal="6" offset="75" sl="86" path="0" offsetend="77" fileid="7" />
                <BranchPoint vc="0" uspid="136" ordinal="7" offset="75" sl="86" path="1" offsetend="148" fileid="7" />
              </BranchPoints>
              <MethodPoint xsi:type="SequencePoint" vc="0" uspid="108" ordinal="0" offset="0" sl="79" sc="9" el="79" ec="10" bec="0" bev="0" fileid="7" />
            </Method>
            <Method visited="false" cyclomaticComplexity="1" nPathComplexity="0" sequenceCoverage="0" branchCoverage="0" isConstructor="false" isStatic="false" isGetter="false" isSetter="false">
              <Summary numSequencePoints="0" visitedSequencePoints="0" numBranchPoints="0" visitedBranchPoints="0" sequenceCoverage="0" branchCoverage="0" maxCyclomaticComplexity="1" minCyclomaticComplexity="1" visitedClasses="0" numClasses="0" visitedMethods="0" numMethods="0" />
              <MetadataToken>100663313</MetadataToken>
              <Name>System.Threading.Tasks.Task Gremlin.Net.ConnectionPool::TeardownAsync()</Name>
              <SequencePoints />
              <BranchPoints />
              <MethodPoint vc="0" uspid="139" ordinal="0" offset="0" />
            </Method>
          </Methods>
        </Class>
        <Class>
          <Summary numSequencePoints="9" visitedSequencePoints="0" numBranchPoints="5" visitedBranchPoints="0" sequenceCoverage="0" branchCoverage="0" maxCyclomaticComplexity="7" minCyclomaticComplexity="1" visitedClasses="0" numClasses="1" visitedMethods="0" numMethods="1" />
          <FullName>Gremlin.Net.ConnectionPool/&lt;GetAvailableConnectionAsync&gt;d__8</FullName>
          <Methods>
            <Method visited="false" cyclomaticComplexity="1" nPathComplexity="0" sequenceCoverage="0" branchCoverage="0" isConstructor="true" isStatic="false" isGetter="false" isSetter="false">
[...]
                <BranchPoint vc="20" uspid="851" ordinal="7" offset="37" sl="42" path="1" offsetend="121" fileid="105" />
                <BranchPoint vc="0" uspid="854" ordinal="10" offset="55" sl="42" path="0" offsetchain="57" offsetend="59" fileid="105" />
                <BranchPoint vc="0" uspid="855" ordinal="11" offset="55" sl="42" path="1" offsetend="125" fileid="105" />
                <BranchPoint vc="0" uspid="856" ordinal="12" offset="65" sl="42" path="0" offsetchain="67" offsetend="129" fileid="105" />
                <BranchPoint vc="0" uspid="857" ordinal="13" offset="65" sl="42" path="1" offsetend="125" fileid="105" />
                <BranchPoint vc="4" uspid="858" ordinal="14" offset="76" sl="42" path="0" offsetchain="93" offsetend="95" fileid="105" />
                <BranchPoint vc="1" uspid="859" ordinal="15" offset="76" sl="42" path="1" offsetend="125" fileid="105" />
                <BranchPoint vc="1" uspid="860" ordinal="16" offset="76" sl="42" path="2" offsetend="125" fileid="105" />
                <BranchPoint vc="0" uspid="861" ordinal="17" offset="76" sl="42" path="3" offsetend="125" fileid="105" />
                <BranchPoint vc="0" uspid="862" ordinal="18" offset="102" sl="42" path="0" offsetchain="119" offsetend="129" fileid="105" />
                <BranchPoint vc="3" uspid="863" ordinal="19" offset="102" sl="42" path="1" offsetend="125" fileid="105" />
                <BranchPoint vc="1" uspid="864" ordinal="20" offset="102" sl="42" path="2" offsetend="125" fileid="105" />
                <BranchPoint vc="6" uspid="865" ordinal="21" offset="102" sl="42" path="3" offsetend="125" fileid="105" />
              </BranchPoints>
              <MethodPoint xsi:type="SequencePoint" vc="26" uspid="838" ordinal="0" offset="0" sl="41" sc="9" el="41" ec="10" bec="0" bev="0" fileid="105" />
            </Method>
          </Methods>
        </Class>
        <Class>
          <Summary numSequencePoints="0" visitedSequencePoints="0" numBranchPoints="0" visitedBranchPoints="0" sequenceCoverage="0" branchCoverage="0" maxCyclomaticComplexity="1" minCyclomaticComplexity="1" visitedClasses="0" numClasses="0" visitedMethods="0" numMethods="0" />
          <FullName>Gremlin.Net.Messages.ScriptRequestArguments</FullName>
          <Methods>
            <Method skippedDueTo="AutoImplementedProperty" visited="false" cyclomaticComplexity="1" nPathComplexity="0" sequenceCoverage="0" branchCoverage="0" isConstructor="false" isStatic="false" isGetter="true" isSetter="false">
              <MetadataToken>100663365</MetadataToken>
              <Name>System.String Gremlin.Net.Messages.ScriptRequestArguments::get_GremlinScript()</Name>
              <FileRef uid="106" />
              <SequencePoints />
              <BranchPoints />
            </Method>
            <Method skippedDueTo="AutoImplementedProperty" visited="false" cyclomaticComplexity="1" nPathComplexity="0" sequenceCoverage="0" branchCoverage="0" isConstructor="false" isStatic="false" isGetter="false" isSetter="true">
              <MetadataToken>100663366</MetadataToken>
              <Name>System.Void Gremlin.Net.Messages.ScriptRequestArguments::set_GremlinScript(System.String)</Name>
              <FileRef uid="106" />
              <SequencePoints />
              <BranchPoints />
            </Method>
            <Method skippedDueTo="AutoImplementedProperty" visited="false" cyclomaticComplexity="1" nPathComplexity="0" sequenceCoverage="0" branchCoverage="0" isConstructor="false" isStatic="false" isGetter="true" isSetter="false">
              <MetadataToken>100663367</MetadataToken>
              <Name>System.Collections.Generic.Dictionary`2&lt;System.String,System.Object&gt; Gremlin.Net.Messages.ScriptRequestArguments::get_Bindings()</Name>
              <FileRef uid="106" />
              <SequencePoints />
              <BranchPoints />
            </Method>
            <Method skippedDueTo="AutoImplementedProperty" visited="false" cyclomaticComplexity="1" nPathComplexity="0" sequenceCoverage="0" branchCoverage="0" isConstructor="false" isStatic="false" isGetter="false" isSetter="true">
              <MetadataToken>100663368</MetadataToken>
              <Name>System.Void Gremlin.Net.Messages.ScriptRequestArguments::set_Bindings(System.Collections.Generic.Dictionary`2&lt;System.String,System.Object&gt;)</Name>
              <FileRef uid="106" />
              <SequencePoints />
              <BranchPoints />
            </Method>
            <Method skippedDueTo="AutoImplementedProperty" visited="false" cyclomaticComplexity="1" nPathComplexity="0" sequenceCoverage="0" branchCoverage="0" isConstructor="false" isStatic="false" isGetter="true" isSetter="false">
              <MetadataToken>100663369</MetadataToken>
              <Name>System.String Gremlin.Net.Messages.ScriptRequestArguments::get_Language()</Name>
              <FileRef uid="106" />
              <SequencePoints />
              <BranchPoints />
            </Method>
            <Method skippedDueTo="AutoImplementedProperty" visited="false" cyclomaticComplexity="1" nPathComplexity="0" sequenceCoverage="0" branchCoverage="0" isConstructor="false" isStatic="false" isGetter="false" isSetter="true">
              <MetadataToken>100663370</MetadataToken>
              <Name>System.Void Gremlin.Net.Messages.ScriptRequestArguments::set_Language(System.String)</Name>
              <FileRef uid="106" />
              <SequencePoints />
              <BranchPoints />
            </Method>
            <Method skippedDueTo="AutoImplementedProperty" visited="false" cyclomaticComplexity="1" nPathComplexity="0" sequenceCoverage="0" branchCoverage="0" isConstructor="false" isStatic="false" isGetter="true" isSetter="false">
              <MetadataToken>100663371</MetadataToken>
              <Name>System.Collections.Generic.Dictionary`2&lt;System.String,System.String&gt; Gremlin.Net.Messages.ScriptRequestArguments::get_Aliases()</Name>
              <FileRef uid="106" />
              <SequencePoints />
              <BranchPoints />
            </Method>
            <Method skippedDueTo="AutoImplementedProperty" visited="false" cyclomaticComplexity="1" nPathComplexity="0" sequenceCoverage="0" branchCoverage="0" isConstructor="false" isStatic="false" isGetter="false" isSetter="true">
              <MetadataToken>100663372</MetadataToken>
              <Name>System.Void Gremlin.Net.Messages.ScriptRequestArguments::set_Aliases(System.Collections.Generic.Dictionary`2&lt;System.String,System.String&gt;)</Name>
              <FileRef uid="106" />
              <SequencePoints />
              <BranchPoints />
            </Method>
            <Method skippedDueTo="AutoImplementedProperty" visited="false" cyclomaticComplexity="1" nPathComplexity="0" sequenceCoverage="0" branchCoverage="0" isConstructor="false" isStatic="false" isGetter="true" isSetter="false">
              <MetadataToken>100663373</MetadataToken>
              <Name>System.Nullable`1&lt;System.Int64&gt; Gremlin.Net.Messages.ScriptRequestArguments::get_ScriptEvaluationTimeoutInMs()</Name>
              <FileRef uid="106" />
              <SequencePoints />
              <BranchPoints />
            </Method>
            <Method skippedDueTo="AutoImplementedProperty" visited="false" cyclomaticComplexity="1" nPathComplexity="0" sequenceCoverage="0" branchCoverage="0" isConstructor="false" isStatic="false" isGetter="false" isSetter="true">
              <MetadataToken>100663374</MetadataToken>
              <Name>System.Void Gremlin.Net.Messages.ScriptRequestArguments::set_ScriptEvaluationTimeoutInMs(System.Nullable`1&lt;System.Int64&gt;)</Name>
              <FileRef uid="106" />
              <SequencePoints />
              <BranchPoints />
            </Method>
            <Method visited="true" cyclomaticComplexity="1" nPathComplexity="0" sequenceCoverage="0" branchCoverage="0" isConstructor="true" isStatic="false" isGetter="false" isSetter="false">
              <Summary numSequencePoints="0" visitedSequencePoints="0" numBranchPoints="0" visitedBranchPoints="0" sequenceCoverage="0" branchCoverage="0" maxCyclomaticComplexity="1" minCyclomaticComplexity="1" visitedClasses="0" numClasses="0" visitedMethods="0" numMethods="0" />
              <MetadataToken>100663375</MetadataToken>
              <Name>System.Void Gremlin.Net.Messages.ScriptRequestArguments::.ctor()</Name>
              <SequencePoints />
              <BranchPoints />
              <MethodPoint vc="20" uspid="866" ordinal="0" offset="0" />
            </Method>
          </Methods>
        </Class>
        <Class>
          <Summary numSequencePoints="3" visitedSequencePoints="3" numBranchPoints="2" visitedBranchPoints="2" sequenceCoverage="100" branchCoverage="100" maxCyclomaticComplexity="1" minCyclomaticComplexity="1" visitedClasses="1" numClasses="1" visitedMethods="2" numMethods="2" />
          <FullName>Gremlin.Net.Messages.ScriptRequestMessage</FullName>
          <Methods>
            <Method visited="true" cyclomaticComplexity="1" nPathComplexity="0" sequenceCoverage="100" branchCoverage="100" isConstructor="false" isStatic="false" isGetter="true" isSetter="false">
              <Summary numSequencePoints="1" visitedSequencePoints="1" numBranchPoints="1" visitedBranchPoints="1" sequenceCoverage="100" branchCoverage="100" maxCyclomaticComplexity="1" minCyclomaticComplexity="1" visitedClasses="0" numClasses="0" visitedMethods="1" numMethods="1" />
              <MetadataToken>100663376</MetadataToken>
              <Name>System.Guid Gremlin.Net.Messages.ScriptRequestMessage::get_RequestId()</Name>
              <FileRef uid="107" />
              <SequencePoints>
                <SequencePoint vc="24" uspid="867" ordinal="0" offset="0" sl="27" sc="34" el="27" ec="48" bec="0" bev="0" fileid="107" />
              </SequencePoints>
              <BranchPoints />
              <MethodPoint xsi:type="SequencePoint" vc="24" uspid="867" ordinal="0" offset="0" sl="27" sc="34" el="27" ec="48" bec="0" bev="0" fileid="107" />
            </Method>
            <Method skippedDueTo="AutoImplementedProperty" visited="false" cyclomaticComplexity="1" nPathComplexity="0" sequenceCoverage="0" branchCoverage="0" isConstructor="false" isStatic="false" isGetter="true" isSetter="false">
              <MetadataToken>100663377</MetadataToken>
              <Name>System.String Gremlin.Net.Messages.ScriptRequestMessage::get_Operation()</Name>
              <FileRef uid="107" />
              <SequencePoints />
              <BranchPoints />
            </Method>
            <Method skippedDueTo="AutoImplementedProperty" visited="false" cyclomaticComplexity="1" nPathComplexity="0" sequenceCoverage="0" branchCoverage="0" isConstructor="false" isStatic="false" isGetter="false" isSetter="true">
              <MetadataToken>100663378</MetadataToken>
              <Name>System.Void Gremlin.Net.Messages.ScriptRequestMessage::set_Operation(System.String)</Name>
              <FileRef uid="107" />
              <SequencePoints />
              <BranchPoints />
            </Method>
            <Method skippedDueTo="AutoImplementedProperty" visited="false" cyclomaticComplexity="1" nPathComplexity="0" sequenceCoverage="0" branchCoverage="0" isConstructor="false" isStatic="false" isGetter="true" isSetter="false">
              <MetadataToken>100663379</MetadataToken>
              <Name>System.String Gremlin.Net.Messages.ScriptRequestMessage::get_Processor()</Name>
              <FileRef uid="107" />
              <SequencePoints />
              <BranchPoints />
            </Method>
            <Method skippedDueTo="AutoImplementedProperty" visited="false" cyclomaticComplexity="1" nPathComplexity="0" sequenceCoverage="0" branchCoverage="0" isConstructor="false" isStatic="false" isGetter="false" isSetter="true">
              <MetadataToken>100663380</MetadataToken>
              <Name>System.Void Gremlin.Net.Messages.ScriptRequestMessage::set_Processor(System.String)</Name>
              <FileRef uid="107" />
              <SequencePoints />
              <BranchPoints />
            </Method>
            <Method skippedDueTo="AutoImplementedProperty" visited="false" cyclomaticComplexity="1" nPathComplexity="0" sequenceCoverage="0" branchCoverage="0" isConstructor="false" isStatic="false" isGetter="true" isSetter="false">
              <MetadataToken>100663381</MetadataToken>
              <Name>Gremlin.Net.Messages.ScriptRequestArguments Gremlin.Net.Messages.ScriptRequestMessage::get_Arguments()</Name>
              <FileRef uid="107" />
              <SequencePoints />
              <BranchPoints />
            </Method>
            <Method skippedDueTo="AutoImplementedProperty" visited="false" cyclomaticComplexity="1" nPathComplexity="0" sequenceCoverage="0" branchCoverage="0" isConstructor="false" isStatic="false" isGetter="false" isSetter="true">
              <MetadataToken>100663382</MetadataToken>
              <Name>System.Void Gremlin.Net.Messages.ScriptRequestMessage::set_Arguments(Gremlin.Net.Messages.ScriptRequestArguments)</Name>
              <FileRef uid="107" />
              <SequencePoints />
              <BranchPoints />
            </Method>
            <Method visited="true" cyclomaticComplexity="1" nPathComplexity="0" sequenceCoverage="100" branchCoverage="100" isConstructor="true" isStatic="false" isGetter="false" isSetter="false">
              <Summary numSequencePoints="2" visitedSequencePoints="2" numBranchPoints="1" visitedBranchPoints="1" sequenceCoverage="100" branchCoverage="100" maxCyclomaticComplexity="1" minCyclomaticComplexity="1" visitedClasses="0" numClasses="0" visitedMethods="1" numMethods="1" />
              <MetadataToken>100663383</MetadataToken>
              <Name>System.Void Gremlin.Net.Messages.ScriptRequestMessage::.ctor()</Name>
              <FileRef uid="107" />
              <SequencePoints>
                <SequencePoint vc="20" uspid="868" ordinal="0" offset="0" sl="30" sc="49" el="30" ec="55" bec="0" bev="0" fileid="107" />
                <SequencePoint vc="20" uspid="869" ordinal="1" offset="11" sl="33" sc="49" el="33" ec="51" bec="0" bev="0" fileid="107" />
              </SequencePoints>
              <BranchPoints />
              <MethodPoint xsi:type="SequencePoint" vc="20" uspid="868" ordinal="0" offset="0" sl="30" sc="49" el="30" ec="55" bec="0" bev="0" fileid="107" />
            </Method>
          </Methods>
        </Class>
        <Class>
          <Summary numSequencePoints="3" visitedSequencePoints="3" numBranchPoints="1" visitedBranchPoints="1" sequenceCoverage="100" branchCoverage="100" maxCyclomaticComplexity="1" minCyclomaticComplexity="1" visitedClasses="1" numClasses="1" visitedMethods="1" numMethods="1" />
          <FullName>Gremlin.Net.Exceptions.ResponseException</FullName>
          <Methods>
            <Method visited="true" cyclomaticComplexity="1" nPathComplexity="0" sequenceCoverage="100" branchCoverage="100" isConstructor="true" isStatic="false" isGetter="false" isSetter="false">
              <Summary numSequencePoints="3" visitedSequencePoints="3" numBranchPoints="1" visitedBranchPoints="1" sequenceCoverage="100" branchCoverage="100" maxCyclomaticComplexity="1" minCyclomaticComplexity="1" visitedClasses="0" numClasses="0" visitedMethods="1" numMethods="1" />
              <MetadataToken>100663384</MetadataToken>
              <Name>System.Void Gremlin.Net.Exceptions.ResponseException::.ctor(System.String)</Name>
              <FileRef uid="108" />
              <SequencePoints>
                <SequencePoint vc="6" uspid="870" ordinal="0" offset="0" sl="25" sc="52" el="25" ec="65" bec="0" bev="0" fileid="108" />
                <SequencePoint vc="6" uspid="871" ordinal="1" offset="8" sl="26" sc="9" el="26" ec="10" bec="0" bev="0" fileid="108" />
                <SequencePoint vc="6" uspid="872" ordinal="2" offset="9" sl="27" sc="9" el="27" ec="10" bec="0" bev="0" fileid="108" />
              </SequencePoints>
              <BranchPoints />
              <MethodPoint xsi:type="SequencePoint" vc="6" uspid="870" ordinal="0" offset="0" sl="25" sc="52" el="25" ec="65" bec="0" bev="0" fileid="108" />
            </Method>
          </Methods>
        </Class>
      </Classes>
    </Module>
    <Module skippedDueTo="Filter" hash="FE-C1-CA-D8-AF-49-67-26-F3-0D-BA-4E-AE-BC-9A-C8-E3-23-35-0D">
      <ModulePath>D:\Workspace\GitHub\Gremlin.Net\test\Gremlin.Net.IntegrationTest\bin\Debug\net46\win7-x64\xunit.assert.dll</ModulePath>
      <ModuleTime>2016-10-01T10:02:32Z</ModuleTime>
      <ModuleName>xunit.assert</ModuleName>
      <Classes />
    </Module>
    <Module skippedDueTo="Filter" hash="CA-31-08-06-40-CA-5E-CF-3E-EF-7E-DB-12-15-92-20-C1-A4-23-48">
      <ModulePath>C:\WINDOWS\Microsoft.Net\assembly\GAC_MSIL\System.Collections.Concurrent\v4.0_4.0.0.0__b03f5f7f11d50a3a\System.Collections.Concurrent.dll</ModulePath>
      <ModuleTime>2016-07-16T11:43:57.0773968Z</ModuleTime>
      <ModuleName>System.Collections.Concurrent</ModuleName>
      <Classes />
    </Module>
    <Module skippedDueTo="Filter" hash="0E-7E-AA-12-00-0E-CF-2E-65-DF-A4-37-3A-A8-D0-38-23-59-39-20">
      <ModulePath>D:\Workspace\GitHub\Gremlin.Net\test\Gremlin.Net.IntegrationTest\bin\Debug\net46\win7-x64\System.Net.WebSockets.Client.dll</ModulePath>
      <ModuleTime>2016-06-11T21:14:08Z</ModuleTime>
      <ModuleName>System.Net.WebSockets.Client</ModuleName>
      <Classes />
    </Module>
    <Module skippedDueTo="Filter" hash="34-A3-5D-67-8E-E7-DB-60-FE-97-F3-BD-D4-E7-40-6B-00-DA-51-C8">
      <ModulePath>C:\WINDOWS\Microsoft.Net\assembly\GAC_MSIL\System.Configuration\v4.0_4.0.0.0__b03f5f7f11d50a3a\System.Configuration.dll</ModulePath>
      <ModuleTime>2016-07-16T11:43:53.9992781Z</ModuleTime>
      <ModuleName>System.Configuration</ModuleName>
      <Classes />
    </Module>
    <Module skippedDueTo="Filter" hash="42-6A-36-03-A9-68-CC-82-90-69-62-93-F1-18-B3-69-19-81-4F-0C">
      <ModulePath>C:\WINDOWS\Microsoft.Net\assembly\GAC_MSIL\System.resources\v4.0_4.0.0.0_de_b77a5c561934e089\System.resources.dll</ModulePath>
      <ModuleTime>2016-07-16T22:50:10.8163301Z</ModuleTime>
      <ModuleName>System.resources</ModuleName>
      <Classes />
    </Module>
    <Module skippedDueTo="Filter" hash="F8-90-24-28-FA-E8-D6-3A-E4-F6-C0-41-CB-CD-BD-C4-69-92-8C-30">
      <ModulePath>C:\WINDOWS\Microsoft.Net\assembly\GAC_MSIL\System.Runtime.Serialization\v4.0_4.0.0.0__b77a5c561934e089\System.Runtime.Serialization.dll</ModulePath>
      <ModuleTime>2016-07-16T11:43:57.3742711Z</ModuleTime>
      <ModuleName>System.Runtime.Serialization</ModuleName>
      <Classes />
    </Module>
    <Module skippedDueTo="Filter" hash="E2-97-47-1F-53-2D-6D-A1-D6-19-18-53-CA-8F-D4-42-30-33-0D-7B">
      <ModulePath>C:\WINDOWS\Microsoft.Net\assembly\GAC_64\System.Data\v4.0_4.0.0.0__b77a5c561934e089\System.Data.dll</ModulePath>
      <ModuleTime>2016-07-16T11:43:57.0617717Z</ModuleTime>
      <ModuleName>System.Data</ModuleName>
      <Classes />
    </Module>
    <Module skippedDueTo="Filter" hash="0A-0C-BC-F9-09-72-42-B3-C0-70-1C-51-D3-6F-2C-F5-BB-5F-AA-B2">
      <ModulePath>C:\WINDOWS\Microsoft.Net\assembly\GAC_MSIL\System.Diagnostics.Debug\v4.0_4.0.0.0__b03f5f7f11d50a3a\System.Diagnostics.Debug.dll</ModulePath>
      <ModuleTime>2016-07-16T11:43:59.3273927Z</ModuleTime>
      <ModuleName>System.Diagnostics.Debug</ModuleName>
      <Classes />
    </Module>
    <Module skippedDueTo="Filter" hash="D6-AA-13-D4-28-5F-11-E2-68-71-10-E9-2D-49-D7-22-49-E2-61-A2">
      <ModulePath>D:\Workspace\GitHub\Gremlin.Net\test\Gremlin.Net.IntegrationTest\bin\Debug\net46\win7-x64\System.Net.WebSockets.dll</ModulePath>
      <ModuleTime>2016-06-11T21:14:08Z</ModuleTime>
      <ModuleName>System.Net.WebSockets</ModuleName>
      <Classes />
    </Module>
  </Modules>
</CoverageSession>